<?xml version="1.0" encoding="UTF-8"?>
<testsuite name="UserTestSpec" tests="15" skipped="0" failures="15" errors="0" timestamp="2021-03-01T07:21:36" hostname="DESKTOP-UB8SCE2" time="1.884">
  <properties/>
  <testcase name="Create an user with valid data for all parameter" classname="UserTestSpec" time="0.161">
    <failure message="Condition not satisfied:&#10;&#10;response.status == responseStatus&#10;|        |      |  |&#10;|        500    |  200&#10;|               false&#10;groovyx.net.http.HttpResponseDecorator@12136834&#10;" type="org.spockframework.runtime.SpockComparisonFailure">Condition not satisfied:

response.status == responseStatus
|        |      |  |
|        500    |  200
|               false
groovyx.net.http.HttpResponseDecorator@12136834

	at UserTestSpec.Create an user(UserTestSpec.groovy:44)
</failure>
  </testcase>
  <testcase name="Create an user without username and password" classname="UserTestSpec" time="0.158">
    <failure message="Condition not satisfied:&#10;&#10;response.status == responseStatus&#10;|        |      |  |&#10;|        500    |  400&#10;|               false&#10;groovyx.net.http.HttpResponseDecorator@2077f5b6&#10;" type="org.spockframework.runtime.SpockComparisonFailure">Condition not satisfied:

response.status == responseStatus
|        |      |  |
|        500    |  400
|               false
groovyx.net.http.HttpResponseDecorator@2077f5b6

	at UserTestSpec.Create an user(UserTestSpec.groovy:44)
</failure>
  </testcase>
  <testcase name="Create multiple users valid data for all parameter" classname="UserTestSpec" time="0.172">
    <failure message="groovy.lang.MissingPropertyException: No such property: Allure for class: UserTestSpec" type="groovy.lang.MissingPropertyException">groovy.lang.MissingPropertyException: No such property: Allure for class: UserTestSpec
	at UserTestSpec.Create multiple users in list(UserTestSpec.groovy:93)
</failure>
  </testcase>
  <testcase name="Create multiple users without username and password" classname="UserTestSpec" time="0.16">
    <failure message="groovy.lang.MissingPropertyException: No such property: Allure for class: UserTestSpec" type="groovy.lang.MissingPropertyException">groovy.lang.MissingPropertyException: No such property: Allure for class: UserTestSpec
	at UserTestSpec.Create multiple users in list(UserTestSpec.groovy:93)
</failure>
  </testcase>
  <testcase name="Update an user with valid data" classname="UserTestSpec" time="0.126">
    <failure message="groovy.lang.MissingPropertyException: No such property: Allure for class: UserTestSpec" type="groovy.lang.MissingPropertyException">groovy.lang.MissingPropertyException: No such property: Allure for class: UserTestSpec
	at UserTestSpec.Update an user(UserTestSpec.groovy:135)
</failure>
  </testcase>
  <testcase name="User login with valid username and valid password" classname="UserTestSpec" time="0.035">
    <failure message="groovy.lang.MissingPropertyException: No such property: Allure for class: UserTestSpec" type="groovy.lang.MissingPropertyException">groovy.lang.MissingPropertyException: No such property: Allure for class: UserTestSpec
	at UserTestSpec.User login(UserTestSpec.groovy:158)
</failure>
  </testcase>
  <testcase name="User login without username/password" classname="UserTestSpec" time="0.026">
    <failure message="groovy.lang.MissingPropertyException: No such property: Allure for class: UserTestSpec" type="groovy.lang.MissingPropertyException">groovy.lang.MissingPropertyException: No such property: Allure for class: UserTestSpec
	at UserTestSpec.User login(UserTestSpec.groovy:158)
</failure>
  </testcase>
  <testcase name="User login with valid username and invalid password" classname="UserTestSpec" time="0.025">
    <failure message="groovy.lang.MissingPropertyException: No such property: Allure for class: UserTestSpec" type="groovy.lang.MissingPropertyException">groovy.lang.MissingPropertyException: No such property: Allure for class: UserTestSpec
	at UserTestSpec.User login(UserTestSpec.groovy:158)
</failure>
  </testcase>
  <testcase name="User login with invalid username/user doesn't exist" classname="UserTestSpec" time="0.025">
    <failure message="groovy.lang.MissingPropertyException: No such property: Allure for class: UserTestSpec" type="groovy.lang.MissingPropertyException">groovy.lang.MissingPropertyException: No such property: Allure for class: UserTestSpec
	at UserTestSpec.User login(UserTestSpec.groovy:158)
</failure>
  </testcase>
  <testcase name="Get an user with valid username" classname="UserTestSpec" time="0.163">
    <failure message="groovy.lang.MissingPropertyException: No such property: Allure for class: UserTestSpec" type="groovy.lang.MissingPropertyException">groovy.lang.MissingPropertyException: No such property: Allure for class: UserTestSpec
	at UserTestSpec.Get an user by name(UserTestSpec.groovy:185)
</failure>
  </testcase>
  <testcase name="Get an user with invalid username" classname="UserTestSpec" time="0.167">
    <failure message="groovy.lang.MissingPropertyException: No such property: Allure for class: UserTestSpec" type="groovy.lang.MissingPropertyException">groovy.lang.MissingPropertyException: No such property: Allure for class: UserTestSpec
	at UserTestSpec.Get an user by name(UserTestSpec.groovy:185)
</failure>
  </testcase>
  <testcase name="Get an user with an username which doesn't exist" classname="UserTestSpec" time="0.161">
    <failure message="groovy.lang.MissingPropertyException: No such property: Allure for class: UserTestSpec" type="groovy.lang.MissingPropertyException">groovy.lang.MissingPropertyException: No such property: Allure for class: UserTestSpec
	at UserTestSpec.Get an user by name(UserTestSpec.groovy:185)
</failure>
  </testcase>
  <testcase name="Delete an user with valid username" classname="UserTestSpec" time="0.165">
    <failure message="groovy.lang.MissingPropertyException: No such property: Allure for class: UserTestSpec" type="groovy.lang.MissingPropertyException">groovy.lang.MissingPropertyException: No such property: Allure for class: UserTestSpec
	at UserTestSpec.Delete an user(UserTestSpec.groovy:210)
</failure>
  </testcase>
  <testcase name="Delete an user with invalid username" classname="UserTestSpec" time="0.165">
    <failure message="groovy.lang.MissingPropertyException: No such property: Allure for class: UserTestSpec" type="groovy.lang.MissingPropertyException">groovy.lang.MissingPropertyException: No such property: Allure for class: UserTestSpec
	at UserTestSpec.Delete an user(UserTestSpec.groovy:210)
</failure>
  </testcase>
  <testcase name="Delete an user with an username which doesn't exist" classname="UserTestSpec" time="0.159">
    <failure message="groovy.lang.MissingPropertyException: No such property: Allure for class: UserTestSpec" type="groovy.lang.MissingPropertyException">groovy.lang.MissingPropertyException: No such property: Allure for class: UserTestSpec
	at UserTestSpec.Delete an user(UserTestSpec.groovy:210)
</failure>
  </testcase>
  <system-out><![CDATA[request: {
    "id": 1001,
    "username": "testuserprince",
    "firstName": "arif",
    "lastName": "mahmud",
    "email": "arif@test.com",
    "password": "123456",
    "phone": "01210000000",
    "userStatus": 1
}
error response: 500
response: {
    "code": 500,
    "message": "There was an error processing your request. It has been logged (ID: e6ee2900f2ad56b3)"
}
request: {
    "id": 1002,
    "username": "",
    "firstName": "arif",
    "lastName": "mahmud",
    "email": "arif@test.com",
    "password": "",
    "phone": "01210000000",
    "userStatus": 1
}
error response: 500
response: {
    "code": 500,
    "message": "There was an error processing your request. It has been logged (ID: 273f20e01f2853f4)"
}
request: [
    {
        "id": 1003,
        "username": "jui",
        "firstName": "ismot",
        "lastName": "johora",
        "email": "jui@test.com",
        "password": "123456",
        "phone": "01310555555",
        "userStatus": 1
    },
    {
        "id": 1004,
        "username": "jui2",
        "firstName": "ismot2",
        "lastName": "johora2",
        "email": "jui@test.com",
        "password": "123456",
        "phone": "01310555555",
        "userStatus": 1
    }
]
error response: 500
request: [
    {
        "id": 1003,
        "username": "",
        "firstName": "ismot",
        "lastName": "johora",
        "email": "jui@test.com",
        "password": "",
        "phone": "01310555555",
        "userStatus": 1
    },
    {
        "id": 1004,
        "username": "2",
        "firstName": "ismot2",
        "lastName": "johora2",
        "email": "jui@test.com",
        "password": "",
        "phone": "01310555555",
        "userStatus": 1
    }
]
error response: 500
request: {
    "id": 100,
    "username": "",
    "firstName": "Arif",
    "lastName": 1,
    "email": "",
    "password": "",
    "phone": 1,
    "userStatus": ""
}
error response: 405
error response: 200
error response: 200
error response: 200
error response: 200
/api/v3/user/jui
error response: 500
/api/v3/user/12345
error response: 500
/api/v3/user/notexistusername
error response: 500
error response: 500
error response: 500
error response: 500
]]></system-out>
  <system-err><![CDATA[Mar 01, 2021 1:21:37 PM groovyx.net.http.HTTPBuilder$1 handleResponse
WARNING: Error parsing 'application/json' response
groovy.json.JsonException: Unable to determine the current character, it is not a string, number, array, or object

The current character read is 'L' with an int value of 76
Unable to determine the current character, it is not a string, number, array, or object
line number 1
index number 0
Logged in user session: 1151121339860880384?????????????????????????????????????????????????????????????????????????????????????????????????????????????????????????????????????????????????????????????????????????????????????????????????????????????????????
^
	at groovy.json.internal.JsonParserCharArray.decodeValueInternal(JsonParserCharArray.java:206)
	at groovy.json.internal.JsonParserCharArray.decodeValue(JsonParserCharArray.java:157)
	at groovy.json.internal.JsonParserCharArray.decodeFromChars(JsonParserCharArray.java:46)
	at groovy.json.internal.JsonParserCharArray.parse(JsonParserCharArray.java:384)
	at groovy.json.internal.BaseJsonParser.parse(BaseJsonParser.java:128)
	at groovy.json.JsonSlurper.parse(JsonSlurper.java:221)
	at groovyx.net.http.ParserRegistry.parseJSON(ParserRegistry.java:280)
	at sun.reflect.GeneratedMethodAccessor11.invoke(Unknown Source)
	at sun.reflect.DelegatingMethodAccessorImpl.invoke(DelegatingMethodAccessorImpl.java:43)
	at java.lang.reflect.Method.invoke(Method.java:498)
	at org.codehaus.groovy.reflection.CachedMethod.invoke(CachedMethod.java:93)
	at groovy.lang.MetaMethod.doMethodInvoke(MetaMethod.java:325)
	at groovy.lang.MetaClassImpl.invokeMethod(MetaClassImpl.java:1218)
	at groovy.lang.MetaClassImpl.invokeMethod(MetaClassImpl.java:1085)
	at groovy.lang.MetaClassImpl.invokeMethod(MetaClassImpl.java:1027)
	at groovy.lang.Closure.call(Closure.java:414)
	at groovy.lang.Closure.call(Closure.java:430)
	at groovyx.net.http.HTTPBuilder.parseResponse(HTTPBuilder.java:551)
	at groovyx.net.http.HTTPBuilder$1.handleResponse(HTTPBuilder.java:480)
	at org.apache.http.impl.client.AbstractHttpClient.execute(AbstractHttpClient.java:1070)
	at org.apache.http.impl.client.AbstractHttpClient.execute(AbstractHttpClient.java:1044)
	at groovyx.net.http.HTTPBuilder.doRequest(HTTPBuilder.java:506)
	at groovyx.net.http.RESTClient.get(RESTClient.java:119)
	at groovyx.net.http.RESTClient$get$1.call(Unknown Source)
	at org.codehaus.groovy.runtime.callsite.CallSiteArray.defaultCall(CallSiteArray.java:48)
	at org.codehaus.groovy.runtime.callsite.AbstractCallSite.call(AbstractCallSite.java:113)
	at org.codehaus.groovy.runtime.callsite.AbstractCallSite.call(AbstractCallSite.java:125)
	at UserTestSpec.$spock_feature_0_3(UserTestSpec.groovy:152)
	at sun.reflect.NativeMethodAccessorImpl.invoke0(Native Method)
	at sun.reflect.NativeMethodAccessorImpl.invoke(NativeMethodAccessorImpl.java:62)
	at sun.reflect.DelegatingMethodAccessorImpl.invoke(DelegatingMethodAccessorImpl.java:43)
	at java.lang.reflect.Method.invoke(Method.java:498)
	at org.spockframework.util.ReflectionUtil.invokeMethod(ReflectionUtil.java:188)
	at org.spockframework.runtime.model.MethodInfo.invoke(MethodInfo.java:84)
	at org.spockframework.runtime.BaseSpecRunner.invokeRaw(BaseSpecRunner.java:481)
	at org.spockframework.runtime.BaseSpecRunner.invoke(BaseSpecRunner.java:464)
	at org.spockframework.runtime.BaseSpecRunner.runFeatureMethod(BaseSpecRunner.java:406)
	at org.spockframework.runtime.BaseSpecRunner.doRunIteration(BaseSpecRunner.java:324)
	at org.spockframework.runtime.BaseSpecRunner$6.invoke(BaseSpecRunner.java:309)
	at org.spockframework.runtime.BaseSpecRunner.invokeRaw(BaseSpecRunner.java:481)
	at org.spockframework.runtime.BaseSpecRunner.invoke(BaseSpecRunner.java:464)
	at org.spockframework.runtime.BaseSpecRunner.runIteration(BaseSpecRunner.java:288)
	at org.spockframework.runtime.BaseSpecRunner.initializeAndRunIteration(BaseSpecRunner.java:278)
	at org.spockframework.runtime.ParameterizedSpecRunner.runIterations(ParameterizedSpecRunner.java:139)
	at org.spockframework.runtime.ParameterizedSpecRunner.runParameterizedFeature(ParameterizedSpecRunner.java:41)
	at org.spockframework.runtime.BaseSpecRunner.doRunFeature(BaseSpecRunner.java:262)
	at org.spockframework.runtime.BaseSpecRunner$5.invoke(BaseSpecRunner.java:246)
	at org.spockframework.runtime.BaseSpecRunner.invokeRaw(BaseSpecRunner.java:481)
	at org.spockframework.runtime.BaseSpecRunner.invoke(BaseSpecRunner.java:464)
	at org.spockframework.runtime.BaseSpecRunner.runFeature(BaseSpecRunner.java:238)
	at org.spockframework.runtime.BaseSpecRunner.runFeatures(BaseSpecRunner.java:188)
	at org.spockframework.runtime.BaseSpecRunner.doRunSpec(BaseSpecRunner.java:98)
	at org.spockframework.runtime.BaseSpecRunner$1.invoke(BaseSpecRunner.java:84)
	at org.spockframework.runtime.BaseSpecRunner.invokeRaw(BaseSpecRunner.java:481)
	at org.spockframework.runtime.BaseSpecRunner.invoke(BaseSpecRunner.java:464)
	at org.spockframework.runtime.BaseSpecRunner.runSpec(BaseSpecRunner.java:76)
	at org.spockframework.runtime.BaseSpecRunner.run(BaseSpecRunner.java:67)
	at org.spockframework.runtime.Sputnik.run(Sputnik.java:63)
	at org.gradle.api.internal.tasks.testing.junit.JUnitTestClassExecuter.runTestClass(JUnitTestClassExecuter.java:114)
	at org.gradle.api.internal.tasks.testing.junit.JUnitTestClassExecuter.execute(JUnitTestClassExecuter.java:57)
	at org.gradle.api.internal.tasks.testing.junit.JUnitTestClassProcessor.processTestClass(JUnitTestClassProcessor.java:66)
	at org.gradle.api.internal.tasks.testing.SuiteTestClassProcessor.processTestClass(SuiteTestClassProcessor.java:51)
	at sun.reflect.NativeMethodAccessorImpl.invoke0(Native Method)
	at sun.reflect.NativeMethodAccessorImpl.invoke(NativeMethodAccessorImpl.java:62)
	at sun.reflect.DelegatingMethodAccessorImpl.invoke(DelegatingMethodAccessorImpl.java:43)
	at java.lang.reflect.Method.invoke(Method.java:498)
	at org.gradle.internal.dispatch.ReflectionDispatch.dispatch(ReflectionDispatch.java:35)
	at org.gradle.internal.dispatch.ReflectionDispatch.dispatch(ReflectionDispatch.java:24)
	at org.gradle.internal.dispatch.ContextClassLoaderDispatch.dispatch(ContextClassLoaderDispatch.java:32)
	at org.gradle.internal.dispatch.ProxyDispatchAdapter$DispatchingInvocationHandler.invoke(ProxyDispatchAdapter.java:93)
	at com.sun.proxy.$Proxy1.processTestClass(Unknown Source)
	at org.gradle.api.internal.tasks.testing.worker.TestWorker.processTestClass(TestWorker.java:109)
	at sun.reflect.NativeMethodAccessorImpl.invoke0(Native Method)
	at sun.reflect.NativeMethodAccessorImpl.invoke(NativeMethodAccessorImpl.java:62)
	at sun.reflect.DelegatingMethodAccessorImpl.invoke(DelegatingMethodAccessorImpl.java:43)
	at java.lang.reflect.Method.invoke(Method.java:498)
	at org.gradle.internal.dispatch.ReflectionDispatch.dispatch(ReflectionDispatch.java:35)
	at org.gradle.internal.dispatch.ReflectionDispatch.dispatch(ReflectionDispatch.java:24)
	at org.gradle.internal.remote.internal.hub.MessageHubBackedObjectConnection$DispatchWrapper.dispatch(MessageHubBackedObjectConnection.java:146)
	at org.gradle.internal.remote.internal.hub.MessageHubBackedObjectConnection$DispatchWrapper.dispatch(MessageHubBackedObjectConnection.java:128)
	at org.gradle.internal.remote.internal.hub.MessageHub$Handler.run(MessageHub.java:404)
	at org.gradle.internal.concurrent.ExecutorPolicy$CatchAndRecordFailures.onExecute(ExecutorPolicy.java:63)
	at org.gradle.internal.concurrent.StoppableExecutorImpl$1.run(StoppableExecutorImpl.java:46)
	at java.util.concurrent.ThreadPoolExecutor.runWorker(ThreadPoolExecutor.java:1149)
	at java.util.concurrent.ThreadPoolExecutor$Worker.run(ThreadPoolExecutor.java:624)
	at org.gradle.internal.concurrent.ThreadFactoryImpl$ManagedThreadRunnable.run(ThreadFactoryImpl.java:55)
	at java.lang.Thread.run(Thread.java:748)

Mar 01, 2021 1:21:37 PM groovyx.net.http.HTTPBuilder$1 handleResponse
WARNING: Error parsing 'application/json' response
groovy.json.JsonException: Unable to determine the current character, it is not a string, number, array, or object

The current character read is 'L' with an int value of 76
Unable to determine the current character, it is not a string, number, array, or object
line number 1
index number 0
Logged in user session: 6568260454131803136?????????????????????????????????????????????????????????????????????????????????????????????????????????????????????????????????????????????????????????????????????????????????????????????????????????????????????
^
	at groovy.json.internal.JsonParserCharArray.decodeValueInternal(JsonParserCharArray.java:206)
	at groovy.json.internal.JsonParserCharArray.decodeValue(JsonParserCharArray.java:157)
	at groovy.json.internal.JsonParserCharArray.decodeFromChars(JsonParserCharArray.java:46)
	at groovy.json.internal.JsonParserCharArray.parse(JsonParserCharArray.java:384)
	at groovy.json.internal.BaseJsonParser.parse(BaseJsonParser.java:128)
	at groovy.json.JsonSlurper.parse(JsonSlurper.java:221)
	at groovyx.net.http.ParserRegistry.parseJSON(ParserRegistry.java:280)
	at sun.reflect.GeneratedMethodAccessor11.invoke(Unknown Source)
	at sun.reflect.DelegatingMethodAccessorImpl.invoke(DelegatingMethodAccessorImpl.java:43)
	at java.lang.reflect.Method.invoke(Method.java:498)
	at org.codehaus.groovy.reflection.CachedMethod.invoke(CachedMethod.java:93)
	at groovy.lang.MetaMethod.doMethodInvoke(MetaMethod.java:325)
	at groovy.lang.MetaClassImpl.invokeMethod(MetaClassImpl.java:1218)
	at groovy.lang.MetaClassImpl.invokeMethod(MetaClassImpl.java:1085)
	at groovy.lang.MetaClassImpl.invokeMethod(MetaClassImpl.java:1027)
	at groovy.lang.Closure.call(Closure.java:414)
	at groovy.lang.Closure.call(Closure.java:430)
	at groovyx.net.http.HTTPBuilder.parseResponse(HTTPBuilder.java:551)
	at groovyx.net.http.HTTPBuilder$1.handleResponse(HTTPBuilder.java:480)
	at org.apache.http.impl.client.AbstractHttpClient.execute(AbstractHttpClient.java:1070)
	at org.apache.http.impl.client.AbstractHttpClient.execute(AbstractHttpClient.java:1044)
	at groovyx.net.http.HTTPBuilder.doRequest(HTTPBuilder.java:506)
	at groovyx.net.http.RESTClient.get(RESTClient.java:119)
	at groovyx.net.http.RESTClient$get$1.call(Unknown Source)
	at UserTestSpec.$spock_feature_0_3(UserTestSpec.groovy:152)
	at sun.reflect.NativeMethodAccessorImpl.invoke0(Native Method)
	at sun.reflect.NativeMethodAccessorImpl.invoke(NativeMethodAccessorImpl.java:62)
	at sun.reflect.DelegatingMethodAccessorImpl.invoke(DelegatingMethodAccessorImpl.java:43)
	at java.lang.reflect.Method.invoke(Method.java:498)
	at org.spockframework.util.ReflectionUtil.invokeMethod(ReflectionUtil.java:188)
	at org.spockframework.runtime.model.MethodInfo.invoke(MethodInfo.java:84)
	at org.spockframework.runtime.BaseSpecRunner.invokeRaw(BaseSpecRunner.java:481)
	at org.spockframework.runtime.BaseSpecRunner.invoke(BaseSpecRunner.java:464)
	at org.spockframework.runtime.BaseSpecRunner.runFeatureMethod(BaseSpecRunner.java:406)
	at org.spockframework.runtime.BaseSpecRunner.doRunIteration(BaseSpecRunner.java:324)
	at org.spockframework.runtime.BaseSpecRunner$6.invoke(BaseSpecRunner.java:309)
	at org.spockframework.runtime.BaseSpecRunner.invokeRaw(BaseSpecRunner.java:481)
	at org.spockframework.runtime.BaseSpecRunner.invoke(BaseSpecRunner.java:464)
	at org.spockframework.runtime.BaseSpecRunner.runIteration(BaseSpecRunner.java:288)
	at org.spockframework.runtime.BaseSpecRunner.initializeAndRunIteration(BaseSpecRunner.java:278)
	at org.spockframework.runtime.ParameterizedSpecRunner.runIterations(ParameterizedSpecRunner.java:139)
	at org.spockframework.runtime.ParameterizedSpecRunner.runParameterizedFeature(ParameterizedSpecRunner.java:41)
	at org.spockframework.runtime.BaseSpecRunner.doRunFeature(BaseSpecRunner.java:262)
	at org.spockframework.runtime.BaseSpecRunner$5.invoke(BaseSpecRunner.java:246)
	at org.spockframework.runtime.BaseSpecRunner.invokeRaw(BaseSpecRunner.java:481)
	at org.spockframework.runtime.BaseSpecRunner.invoke(BaseSpecRunner.java:464)
	at org.spockframework.runtime.BaseSpecRunner.runFeature(BaseSpecRunner.java:238)
	at org.spockframework.runtime.BaseSpecRunner.runFeatures(BaseSpecRunner.java:188)
	at org.spockframework.runtime.BaseSpecRunner.doRunSpec(BaseSpecRunner.java:98)
	at org.spockframework.runtime.BaseSpecRunner$1.invoke(BaseSpecRunner.java:84)
	at org.spockframework.runtime.BaseSpecRunner.invokeRaw(BaseSpecRunner.java:481)
	at org.spockframework.runtime.BaseSpecRunner.invoke(BaseSpecRunner.java:464)
	at org.spockframework.runtime.BaseSpecRunner.runSpec(BaseSpecRunner.java:76)
	at org.spockframework.runtime.BaseSpecRunner.run(BaseSpecRunner.java:67)
	at org.spockframework.runtime.Sputnik.run(Sputnik.java:63)
	at org.gradle.api.internal.tasks.testing.junit.JUnitTestClassExecuter.runTestClass(JUnitTestClassExecuter.java:114)
	at org.gradle.api.internal.tasks.testing.junit.JUnitTestClassExecuter.execute(JUnitTestClassExecuter.java:57)
	at org.gradle.api.internal.tasks.testing.junit.JUnitTestClassProcessor.processTestClass(JUnitTestClassProcessor.java:66)
	at org.gradle.api.internal.tasks.testing.SuiteTestClassProcessor.processTestClass(SuiteTestClassProcessor.java:51)
	at sun.reflect.NativeMethodAccessorImpl.invoke0(Native Method)
	at sun.reflect.NativeMethodAccessorImpl.invoke(NativeMethodAccessorImpl.java:62)
	at sun.reflect.DelegatingMethodAccessorImpl.invoke(DelegatingMethodAccessorImpl.java:43)
	at java.lang.reflect.Method.invoke(Method.java:498)
	at org.gradle.internal.dispatch.ReflectionDispatch.dispatch(ReflectionDispatch.java:35)
	at org.gradle.internal.dispatch.ReflectionDispatch.dispatch(ReflectionDispatch.java:24)
	at org.gradle.internal.dispatch.ContextClassLoaderDispatch.dispatch(ContextClassLoaderDispatch.java:32)
	at org.gradle.internal.dispatch.ProxyDispatchAdapter$DispatchingInvocationHandler.invoke(ProxyDispatchAdapter.java:93)
	at com.sun.proxy.$Proxy1.processTestClass(Unknown Source)
	at org.gradle.api.internal.tasks.testing.worker.TestWorker.processTestClass(TestWorker.java:109)
	at sun.reflect.NativeMethodAccessorImpl.invoke0(Native Method)
	at sun.reflect.NativeMethodAccessorImpl.invoke(NativeMethodAccessorImpl.java:62)
	at sun.reflect.DelegatingMethodAccessorImpl.invoke(DelegatingMethodAccessorImpl.java:43)
	at java.lang.reflect.Method.invoke(Method.java:498)
	at org.gradle.internal.dispatch.ReflectionDispatch.dispatch(ReflectionDispatch.java:35)
	at org.gradle.internal.dispatch.ReflectionDispatch.dispatch(ReflectionDispatch.java:24)
	at org.gradle.internal.remote.internal.hub.MessageHubBackedObjectConnection$DispatchWrapper.dispatch(MessageHubBackedObjectConnection.java:146)
	at org.gradle.internal.remote.internal.hub.MessageHubBackedObjectConnection$DispatchWrapper.dispatch(MessageHubBackedObjectConnection.java:128)
	at org.gradle.internal.remote.internal.hub.MessageHub$Handler.run(MessageHub.java:404)
	at org.gradle.internal.concurrent.ExecutorPolicy$CatchAndRecordFailures.onExecute(ExecutorPolicy.java:63)
	at org.gradle.internal.concurrent.StoppableExecutorImpl$1.run(StoppableExecutorImpl.java:46)
	at java.util.concurrent.ThreadPoolExecutor.runWorker(ThreadPoolExecutor.java:1149)
	at java.util.concurrent.ThreadPoolExecutor$Worker.run(ThreadPoolExecutor.java:624)
	at org.gradle.internal.concurrent.ThreadFactoryImpl$ManagedThreadRunnable.run(ThreadFactoryImpl.java:55)
	at java.lang.Thread.run(Thread.java:748)

Mar 01, 2021 1:21:37 PM groovyx.net.http.HTTPBuilder$1 handleResponse
WARNING: Error parsing 'application/json' response
groovy.json.JsonException: Unable to determine the current character, it is not a string, number, array, or object

The current character read is 'L' with an int value of 76
Unable to determine the current character, it is not a string, number, array, or object
line number 1
index number 0
Logged in user session: 748555324899127296??????????????????????????????????????????????????????????????????????????????????????????????????????????????????????????????????????????????????????????????????????????????????????????????????????????????????????
^
	at groovy.json.internal.JsonParserCharArray.decodeValueInternal(JsonParserCharArray.java:206)
	at groovy.json.internal.JsonParserCharArray.decodeValue(JsonParserCharArray.java:157)
	at groovy.json.internal.JsonParserCharArray.decodeFromChars(JsonParserCharArray.java:46)
	at groovy.json.internal.JsonParserCharArray.parse(JsonParserCharArray.java:384)
	at groovy.json.internal.BaseJsonParser.parse(BaseJsonParser.java:128)
	at groovy.json.JsonSlurper.parse(JsonSlurper.java:221)
	at groovyx.net.http.ParserRegistry.parseJSON(ParserRegistry.java:280)
	at sun.reflect.GeneratedMethodAccessor11.invoke(Unknown Source)
	at sun.reflect.DelegatingMethodAccessorImpl.invoke(DelegatingMethodAccessorImpl.java:43)
	at java.lang.reflect.Method.invoke(Method.java:498)
	at org.codehaus.groovy.reflection.CachedMethod.invoke(CachedMethod.java:93)
	at groovy.lang.MetaMethod.doMethodInvoke(MetaMethod.java:325)
	at groovy.lang.MetaClassImpl.invokeMethod(MetaClassImpl.java:1218)
	at groovy.lang.MetaClassImpl.invokeMethod(MetaClassImpl.java:1085)
	at groovy.lang.MetaClassImpl.invokeMethod(MetaClassImpl.java:1027)
	at groovy.lang.Closure.call(Closure.java:414)
	at groovy.lang.Closure.call(Closure.java:430)
	at groovyx.net.http.HTTPBuilder.parseResponse(HTTPBuilder.java:551)
	at groovyx.net.http.HTTPBuilder$1.handleResponse(HTTPBuilder.java:480)
	at org.apache.http.impl.client.AbstractHttpClient.execute(AbstractHttpClient.java:1070)
	at org.apache.http.impl.client.AbstractHttpClient.execute(AbstractHttpClient.java:1044)
	at groovyx.net.http.HTTPBuilder.doRequest(HTTPBuilder.java:506)
	at groovyx.net.http.RESTClient.get(RESTClient.java:119)
	at groovyx.net.http.RESTClient$get$1.call(Unknown Source)
	at UserTestSpec.$spock_feature_0_3(UserTestSpec.groovy:152)
	at sun.reflect.NativeMethodAccessorImpl.invoke0(Native Method)
	at sun.reflect.NativeMethodAccessorImpl.invoke(NativeMethodAccessorImpl.java:62)
	at sun.reflect.DelegatingMethodAccessorImpl.invoke(DelegatingMethodAccessorImpl.java:43)
	at java.lang.reflect.Method.invoke(Method.java:498)
	at org.spockframework.util.ReflectionUtil.invokeMethod(ReflectionUtil.java:188)
	at org.spockframework.runtime.model.MethodInfo.invoke(MethodInfo.java:84)
	at org.spockframework.runtime.BaseSpecRunner.invokeRaw(BaseSpecRunner.java:481)
	at org.spockframework.runtime.BaseSpecRunner.invoke(BaseSpecRunner.java:464)
	at org.spockframework.runtime.BaseSpecRunner.runFeatureMethod(BaseSpecRunner.java:406)
	at org.spockframework.runtime.BaseSpecRunner.doRunIteration(BaseSpecRunner.java:324)
	at org.spockframework.runtime.BaseSpecRunner$6.invoke(BaseSpecRunner.java:309)
	at org.spockframework.runtime.BaseSpecRunner.invokeRaw(BaseSpecRunner.java:481)
	at org.spockframework.runtime.BaseSpecRunner.invoke(BaseSpecRunner.java:464)
	at org.spockframework.runtime.BaseSpecRunner.runIteration(BaseSpecRunner.java:288)
	at org.spockframework.runtime.BaseSpecRunner.initializeAndRunIteration(BaseSpecRunner.java:278)
	at org.spockframework.runtime.ParameterizedSpecRunner.runIterations(ParameterizedSpecRunner.java:139)
	at org.spockframework.runtime.ParameterizedSpecRunner.runParameterizedFeature(ParameterizedSpecRunner.java:41)
	at org.spockframework.runtime.BaseSpecRunner.doRunFeature(BaseSpecRunner.java:262)
	at org.spockframework.runtime.BaseSpecRunner$5.invoke(BaseSpecRunner.java:246)
	at org.spockframework.runtime.BaseSpecRunner.invokeRaw(BaseSpecRunner.java:481)
	at org.spockframework.runtime.BaseSpecRunner.invoke(BaseSpecRunner.java:464)
	at org.spockframework.runtime.BaseSpecRunner.runFeature(BaseSpecRunner.java:238)
	at org.spockframework.runtime.BaseSpecRunner.runFeatures(BaseSpecRunner.java:188)
	at org.spockframework.runtime.BaseSpecRunner.doRunSpec(BaseSpecRunner.java:98)
	at org.spockframework.runtime.BaseSpecRunner$1.invoke(BaseSpecRunner.java:84)
	at org.spockframework.runtime.BaseSpecRunner.invokeRaw(BaseSpecRunner.java:481)
	at org.spockframework.runtime.BaseSpecRunner.invoke(BaseSpecRunner.java:464)
	at org.spockframework.runtime.BaseSpecRunner.runSpec(BaseSpecRunner.java:76)
	at org.spockframework.runtime.BaseSpecRunner.run(BaseSpecRunner.java:67)
	at org.spockframework.runtime.Sputnik.run(Sputnik.java:63)
	at org.gradle.api.internal.tasks.testing.junit.JUnitTestClassExecuter.runTestClass(JUnitTestClassExecuter.java:114)
	at org.gradle.api.internal.tasks.testing.junit.JUnitTestClassExecuter.execute(JUnitTestClassExecuter.java:57)
	at org.gradle.api.internal.tasks.testing.junit.JUnitTestClassProcessor.processTestClass(JUnitTestClassProcessor.java:66)
	at org.gradle.api.internal.tasks.testing.SuiteTestClassProcessor.processTestClass(SuiteTestClassProcessor.java:51)
	at sun.reflect.NativeMethodAccessorImpl.invoke0(Native Method)
	at sun.reflect.NativeMethodAccessorImpl.invoke(NativeMethodAccessorImpl.java:62)
	at sun.reflect.DelegatingMethodAccessorImpl.invoke(DelegatingMethodAccessorImpl.java:43)
	at java.lang.reflect.Method.invoke(Method.java:498)
	at org.gradle.internal.dispatch.ReflectionDispatch.dispatch(ReflectionDispatch.java:35)
	at org.gradle.internal.dispatch.ReflectionDispatch.dispatch(ReflectionDispatch.java:24)
	at org.gradle.internal.dispatch.ContextClassLoaderDispatch.dispatch(ContextClassLoaderDispatch.java:32)
	at org.gradle.internal.dispatch.ProxyDispatchAdapter$DispatchingInvocationHandler.invoke(ProxyDispatchAdapter.java:93)
	at com.sun.proxy.$Proxy1.processTestClass(Unknown Source)
	at org.gradle.api.internal.tasks.testing.worker.TestWorker.processTestClass(TestWorker.java:109)
	at sun.reflect.NativeMethodAccessorImpl.invoke0(Native Method)
	at sun.reflect.NativeMethodAccessorImpl.invoke(NativeMethodAccessorImpl.java:62)
	at sun.reflect.DelegatingMethodAccessorImpl.invoke(DelegatingMethodAccessorImpl.java:43)
	at java.lang.reflect.Method.invoke(Method.java:498)
	at org.gradle.internal.dispatch.ReflectionDispatch.dispatch(ReflectionDispatch.java:35)
	at org.gradle.internal.dispatch.ReflectionDispatch.dispatch(ReflectionDispatch.java:24)
	at org.gradle.internal.remote.internal.hub.MessageHubBackedObjectConnection$DispatchWrapper.dispatch(MessageHubBackedObjectConnection.java:146)
	at org.gradle.internal.remote.internal.hub.MessageHubBackedObjectConnection$DispatchWrapper.dispatch(MessageHubBackedObjectConnection.java:128)
	at org.gradle.internal.remote.internal.hub.MessageHub$Handler.run(MessageHub.java:404)
	at org.gradle.internal.concurrent.ExecutorPolicy$CatchAndRecordFailures.onExecute(ExecutorPolicy.java:63)
	at org.gradle.internal.concurrent.StoppableExecutorImpl$1.run(StoppableExecutorImpl.java:46)
	at java.util.concurrent.ThreadPoolExecutor.runWorker(ThreadPoolExecutor.java:1149)
	at java.util.concurrent.ThreadPoolExecutor$Worker.run(ThreadPoolExecutor.java:624)
	at org.gradle.internal.concurrent.ThreadFactoryImpl$ManagedThreadRunnable.run(ThreadFactoryImpl.java:55)
	at java.lang.Thread.run(Thread.java:748)

Mar 01, 2021 1:21:37 PM groovyx.net.http.HTTPBuilder$1 handleResponse
WARNING: Error parsing 'application/json' response
groovy.json.JsonException: Unable to determine the current character, it is not a string, number, array, or object

The current character read is 'L' with an int value of 76
Unable to determine the current character, it is not a string, number, array, or object
line number 1
index number 0
Logged in user session: 1757540092216142848?????????????????????????????????????????????????????????????????????????????????????????????????????????????????????????????????????????????????????????????????????????????????????????????????????????????????????
^
	at groovy.json.internal.JsonParserCharArray.decodeValueInternal(JsonParserCharArray.java:206)
	at groovy.json.internal.JsonParserCharArray.decodeValue(JsonParserCharArray.java:157)
	at groovy.json.internal.JsonParserCharArray.decodeFromChars(JsonParserCharArray.java:46)
	at groovy.json.internal.JsonParserCharArray.parse(JsonParserCharArray.java:384)
	at groovy.json.internal.BaseJsonParser.parse(BaseJsonParser.java:128)
	at groovy.json.JsonSlurper.parse(JsonSlurper.java:221)
	at groovyx.net.http.ParserRegistry.parseJSON(ParserRegistry.java:280)
	at sun.reflect.GeneratedMethodAccessor11.invoke(Unknown Source)
	at sun.reflect.DelegatingMethodAccessorImpl.invoke(DelegatingMethodAccessorImpl.java:43)
	at java.lang.reflect.Method.invoke(Method.java:498)
	at org.codehaus.groovy.reflection.CachedMethod.invoke(CachedMethod.java:93)
	at groovy.lang.MetaMethod.doMethodInvoke(MetaMethod.java:325)
	at groovy.lang.MetaClassImpl.invokeMethod(MetaClassImpl.java:1218)
	at groovy.lang.MetaClassImpl.invokeMethod(MetaClassImpl.java:1085)
	at groovy.lang.MetaClassImpl.invokeMethod(MetaClassImpl.java:1027)
	at groovy.lang.Closure.call(Closure.java:414)
	at groovy.lang.Closure.call(Closure.java:430)
	at groovyx.net.http.HTTPBuilder.parseResponse(HTTPBuilder.java:551)
	at groovyx.net.http.HTTPBuilder$1.handleResponse(HTTPBuilder.java:480)
	at org.apache.http.impl.client.AbstractHttpClient.execute(AbstractHttpClient.java:1070)
	at org.apache.http.impl.client.AbstractHttpClient.execute(AbstractHttpClient.java:1044)
	at groovyx.net.http.HTTPBuilder.doRequest(HTTPBuilder.java:506)
	at groovyx.net.http.RESTClient.get(RESTClient.java:119)
	at groovyx.net.http.RESTClient$get$1.call(Unknown Source)
	at UserTestSpec.$spock_feature_0_3(UserTestSpec.groovy:152)
	at sun.reflect.NativeMethodAccessorImpl.invoke0(Native Method)
	at sun.reflect.NativeMethodAccessorImpl.invoke(NativeMethodAccessorImpl.java:62)
	at sun.reflect.DelegatingMethodAccessorImpl.invoke(DelegatingMethodAccessorImpl.java:43)
	at java.lang.reflect.Method.invoke(Method.java:498)
	at org.spockframework.util.ReflectionUtil.invokeMethod(ReflectionUtil.java:188)
	at org.spockframework.runtime.model.MethodInfo.invoke(MethodInfo.java:84)
	at org.spockframework.runtime.BaseSpecRunner.invokeRaw(BaseSpecRunner.java:481)
	at org.spockframework.runtime.BaseSpecRunner.invoke(BaseSpecRunner.java:464)
	at org.spockframework.runtime.BaseSpecRunner.runFeatureMethod(BaseSpecRunner.java:406)
	at org.spockframework.runtime.BaseSpecRunner.doRunIteration(BaseSpecRunner.java:324)
	at org.spockframework.runtime.BaseSpecRunner$6.invoke(BaseSpecRunner.java:309)
	at org.spockframework.runtime.BaseSpecRunner.invokeRaw(BaseSpecRunner.java:481)
	at org.spockframework.runtime.BaseSpecRunner.invoke(BaseSpecRunner.java:464)
	at org.spockframework.runtime.BaseSpecRunner.runIteration(BaseSpecRunner.java:288)
	at org.spockframework.runtime.BaseSpecRunner.initializeAndRunIteration(BaseSpecRunner.java:278)
	at org.spockframework.runtime.ParameterizedSpecRunner.runIterations(ParameterizedSpecRunner.java:139)
	at org.spockframework.runtime.ParameterizedSpecRunner.runParameterizedFeature(ParameterizedSpecRunner.java:41)
	at org.spockframework.runtime.BaseSpecRunner.doRunFeature(BaseSpecRunner.java:262)
	at org.spockframework.runtime.BaseSpecRunner$5.invoke(BaseSpecRunner.java:246)
	at org.spockframework.runtime.BaseSpecRunner.invokeRaw(BaseSpecRunner.java:481)
	at org.spockframework.runtime.BaseSpecRunner.invoke(BaseSpecRunner.java:464)
	at org.spockframework.runtime.BaseSpecRunner.runFeature(BaseSpecRunner.java:238)
	at org.spockframework.runtime.BaseSpecRunner.runFeatures(BaseSpecRunner.java:188)
	at org.spockframework.runtime.BaseSpecRunner.doRunSpec(BaseSpecRunner.java:98)
	at org.spockframework.runtime.BaseSpecRunner$1.invoke(BaseSpecRunner.java:84)
	at org.spockframework.runtime.BaseSpecRunner.invokeRaw(BaseSpecRunner.java:481)
	at org.spockframework.runtime.BaseSpecRunner.invoke(BaseSpecRunner.java:464)
	at org.spockframework.runtime.BaseSpecRunner.runSpec(BaseSpecRunner.java:76)
	at org.spockframework.runtime.BaseSpecRunner.run(BaseSpecRunner.java:67)
	at org.spockframework.runtime.Sputnik.run(Sputnik.java:63)
	at org.gradle.api.internal.tasks.testing.junit.JUnitTestClassExecuter.runTestClass(JUnitTestClassExecuter.java:114)
	at org.gradle.api.internal.tasks.testing.junit.JUnitTestClassExecuter.execute(JUnitTestClassExecuter.java:57)
	at org.gradle.api.internal.tasks.testing.junit.JUnitTestClassProcessor.processTestClass(JUnitTestClassProcessor.java:66)
	at org.gradle.api.internal.tasks.testing.SuiteTestClassProcessor.processTestClass(SuiteTestClassProcessor.java:51)
	at sun.reflect.NativeMethodAccessorImpl.invoke0(Native Method)
	at sun.reflect.NativeMethodAccessorImpl.invoke(NativeMethodAccessorImpl.java:62)
	at sun.reflect.DelegatingMethodAccessorImpl.invoke(DelegatingMethodAccessorImpl.java:43)
	at java.lang.reflect.Method.invoke(Method.java:498)
	at org.gradle.internal.dispatch.ReflectionDispatch.dispatch(ReflectionDispatch.java:35)
	at org.gradle.internal.dispatch.ReflectionDispatch.dispatch(ReflectionDispatch.java:24)
	at org.gradle.internal.dispatch.ContextClassLoaderDispatch.dispatch(ContextClassLoaderDispatch.java:32)
	at org.gradle.internal.dispatch.ProxyDispatchAdapter$DispatchingInvocationHandler.invoke(ProxyDispatchAdapter.java:93)
	at com.sun.proxy.$Proxy1.processTestClass(Unknown Source)
	at org.gradle.api.internal.tasks.testing.worker.TestWorker.processTestClass(TestWorker.java:109)
	at sun.reflect.NativeMethodAccessorImpl.invoke0(Native Method)
	at sun.reflect.NativeMethodAccessorImpl.invoke(NativeMethodAccessorImpl.java:62)
	at sun.reflect.DelegatingMethodAccessorImpl.invoke(DelegatingMethodAccessorImpl.java:43)
	at java.lang.reflect.Method.invoke(Method.java:498)
	at org.gradle.internal.dispatch.ReflectionDispatch.dispatch(ReflectionDispatch.java:35)
	at org.gradle.internal.dispatch.ReflectionDispatch.dispatch(ReflectionDispatch.java:24)
	at org.gradle.internal.remote.internal.hub.MessageHubBackedObjectConnection$DispatchWrapper.dispatch(MessageHubBackedObjectConnection.java:146)
	at org.gradle.internal.remote.internal.hub.MessageHubBackedObjectConnection$DispatchWrapper.dispatch(MessageHubBackedObjectConnection.java:128)
	at org.gradle.internal.remote.internal.hub.MessageHub$Handler.run(MessageHub.java:404)
	at org.gradle.internal.concurrent.ExecutorPolicy$CatchAndRecordFailures.onExecute(ExecutorPolicy.java:63)
	at org.gradle.internal.concurrent.StoppableExecutorImpl$1.run(StoppableExecutorImpl.java:46)
	at java.util.concurrent.ThreadPoolExecutor.runWorker(ThreadPoolExecutor.java:1149)
	at java.util.concurrent.ThreadPoolExecutor$Worker.run(ThreadPoolExecutor.java:624)
	at org.gradle.internal.concurrent.ThreadFactoryImpl$ManagedThreadRunnable.run(ThreadFactoryImpl.java:55)
	at java.lang.Thread.run(Thread.java:748)

]]></system-err>
</testsuite>
