<!DOCTYPE html>
<html>
<head>
<meta http-equiv="Content-Type" content="text/html; charset=utf-8"/>
<meta http-equiv="x-ua-compatible" content="IE=edge"/>
<title>Test results - Class PetTestSpec</title>
<link href="../css/base-style.css" rel="stylesheet" type="text/css"/>
<link href="../css/style.css" rel="stylesheet" type="text/css"/>
<script src="../js/report.js" type="text/javascript"></script>
</head>
<body>
<div id="content">
<h1>Class PetTestSpec</h1>
<div class="breadcrumbs">
<a href="../index.html">all</a> &gt; 
<a href="../packages/default-package.html">default-package</a> &gt; PetTestSpec</div>
<div id="summary">
<table>
<tr>
<td>
<div class="summaryGroup">
<table>
<tr>
<td>
<div class="infoBox" id="tests">
<div class="counter">23</div>
<p>tests</p>
</div>
</td>
<td>
<div class="infoBox" id="failures">
<div class="counter">10</div>
<p>failures</p>
</div>
</td>
<td>
<div class="infoBox" id="ignored">
<div class="counter">0</div>
<p>ignored</p>
</div>
</td>
<td>
<div class="infoBox" id="duration">
<div class="counter">2.671s</div>
<p>duration</p>
</div>
</td>
</tr>
</table>
</div>
</td>
<td>
<div class="infoBox failures" id="successRate">
<div class="percent">56%</div>
<p>successful</p>
</div>
</td>
</tr>
</table>
</div>
<div id="tabs">
<ul class="tabLinks">
<li>
<a href="#tab0">Failed tests</a>
</li>
<li>
<a href="#tab1">Tests</a>
</li>
<li>
<a href="#tab2">Standard output</a>
</li>
<li>
<a href="#tab3">Standard error</a>
</li>
</ul>
<div id="tab0" class="tab">
<h2>Failed tests</h2>
<div class="test">
<a name="Create a pet with an ID which belongs to another pet"></a>
<h3 class="failures">Create a pet with an ID which belongs to another pet</h3>
<span class="code">
<pre>Condition not satisfied:

response.status == responseStatus
|        |      |  |
|        200    |  405
|               false
groovyx.net.http.HttpResponseDecorator@1272a9ce

	at PetTestSpec.Create a pet(PetTestSpec.groovy:54)
</pre>
</span>
</div>
<div class="test">
<a name="Create a pet with invalid input for availability status"></a>
<h3 class="failures">Create a pet with invalid input for availability status</h3>
<span class="code">
<pre>Condition not satisfied:

response.status == responseStatus
|        |      |  |
|        200    |  405
|               false
groovyx.net.http.HttpResponseDecorator@2f6b3c15

	at PetTestSpec.Create a pet(PetTestSpec.groovy:54)
</pre>
</span>
</div>
<div class="test">
<a name="Create a pet with invalid input for pet ID"></a>
<h3 class="failures">Create a pet with invalid input for pet ID</h3>
<span class="code">
<pre>Condition not satisfied:

response.status == responseStatus
|        |      |  |
|        400    |  405
|               false
groovyx.net.http.HttpResponseDecorator@5c095437

	at PetTestSpec.Create a pet(PetTestSpec.groovy:54)
</pre>
</span>
</div>
<div class="test">
<a name="Create a pet with mandatory parameters only"></a>
<h3 class="failures">Create a pet with mandatory parameters only</h3>
<span class="code">
<pre>Condition not satisfied:

response.status == responseStatus
|        |      |  |
|        500    |  200
|               false
groovyx.net.http.HttpResponseDecorator@1e0b8fac

	at PetTestSpec.Create a pet(PetTestSpec.groovy:54)
</pre>
</span>
</div>
<div class="test">
<a name="Create a pet without mandatory parameters"></a>
<h3 class="failures">Create a pet without mandatory parameters</h3>
<span class="code">
<pre>Condition not satisfied:

response.status == responseStatus
|        |      |  |
|        500    |  405
|               false
groovyx.net.http.HttpResponseDecorator@18e9c8be

	at PetTestSpec.Create a pet(PetTestSpec.groovy:54)
</pre>
</span>
</div>
<div class="test">
<a name="Delete a pet with a pet ID which doesn't exist"></a>
<h3 class="failures">Delete a pet with a pet ID which doesn't exist</h3>
<span class="code">
<pre>Condition not satisfied:

response.status == responseStatus
|        |      |  |
|        200    |  400
|               false
groovyx.net.http.HttpResponseDecorator@7c266afb

	at PetTestSpec.Delete a pet with ID(PetTestSpec.groovy:208)
</pre>
</span>
</div>
<div class="test">
<a name="Get a pet (tag) with invalid tag name"></a>
<h3 class="failures">Get a pet (tag) with invalid tag name</h3>
<span class="code">
<pre>Condition not satisfied:

response.status == responseStatus
|        |      |  |
|        200    |  400
|               false
groovyx.net.http.HttpResponseDecorator@47dc26a6

	at PetTestSpec.Get a pet with tag(PetTestSpec.groovy:184)
</pre>
</span>
</div>
<div class="test">
<a name="Update a pet which does not exist"></a>
<h3 class="failures">Update a pet which does not exist</h3>
<span class="code">
<pre>Condition not satisfied:

response.status == responseStatus
|        |      |  |
|        404    |  405
|               false
groovyx.net.http.HttpResponseDecorator@39d017ef

	at PetTestSpec.Update a pet with ID(PetTestSpec.groovy:106)
</pre>
</span>
</div>
<div class="test">
<a name="Update a pet with an ID which belongs to another pet"></a>
<h3 class="failures">Update a pet with an ID which belongs to another pet</h3>
<span class="code">
<pre>Condition not satisfied:

response.status == responseStatus
|        |      |  |
|        200    |  405
|               false
groovyx.net.http.HttpResponseDecorator@3feec897

	at PetTestSpec.Update a pet with ID(PetTestSpec.groovy:106)
</pre>
</span>
</div>
<div class="test">
<a name="Update a pet without mandatory parameters"></a>
<h3 class="failures">Update a pet without mandatory parameters</h3>
<span class="code">
<pre>Condition not satisfied:

response.status == responseStatus
|        |      |  |
|        500    |  405
|               false
groovyx.net.http.HttpResponseDecorator@222bca9c

	at PetTestSpec.Update a pet with ID(PetTestSpec.groovy:106)
</pre>
</span>
</div>
</div>
<div id="tab1" class="tab">
<h2>Tests</h2>
<table>
<thead>
<tr>
<th>Test</th>
<th>Duration</th>
<th>Result</th>
</tr>
</thead>
<tr>
<td class="failures">Create a pet with an ID which belongs to another pet</td>
<td>0.026s</td>
<td class="failures">failed</td>
</tr>
<tr>
<td class="failures">Create a pet with invalid input for availability status</td>
<td>0.030s</td>
<td class="failures">failed</td>
</tr>
<tr>
<td class="failures">Create a pet with invalid input for pet ID</td>
<td>0.330s</td>
<td class="failures">failed</td>
</tr>
<tr>
<td class="failures">Create a pet with mandatory parameters only</td>
<td>0.223s</td>
<td class="failures">failed</td>
</tr>
<tr>
<td class="success">Create a pet with valid data for all parameter</td>
<td>1.023s</td>
<td class="success">passed</td>
</tr>
<tr>
<td class="failures">Create a pet without mandatory parameters</td>
<td>0.168s</td>
<td class="failures">failed</td>
</tr>
<tr>
<td class="failures">Delete a pet with a pet ID which doesn't exist</td>
<td>0.026s</td>
<td class="failures">failed</td>
</tr>
<tr>
<td class="success">Delete a pet with invalid input of pet ID</td>
<td>0.152s</td>
<td class="success">passed</td>
</tr>
<tr>
<td class="success">Delete a pet with valid pet ID</td>
<td>0.025s</td>
<td class="success">passed</td>
</tr>
<tr>
<td class="success">Get a pet (ID) with a pet ID which does not exist</td>
<td>0.022s</td>
<td class="success">passed</td>
</tr>
<tr>
<td class="success">Get a pet (ID) with invalid pet ID</td>
<td>0.144s</td>
<td class="success">passed</td>
</tr>
<tr>
<td class="success">Get a pet (ID) with valid pet ID</td>
<td>0.020s</td>
<td class="success">passed</td>
</tr>
<tr>
<td class="success">Get a pet (status) with invalid availability status</td>
<td>0.147s</td>
<td class="success">passed</td>
</tr>
<tr>
<td class="success">Get a pet (status) with valid availability status - available</td>
<td>0.020s</td>
<td class="success">passed</td>
</tr>
<tr>
<td class="success">Get a pet (status) with valid availability status - pending</td>
<td>0.019s</td>
<td class="success">passed</td>
</tr>
<tr>
<td class="success">Get a pet (status) with valid availability status - sold</td>
<td>0.021s</td>
<td class="success">passed</td>
</tr>
<tr>
<td class="failures">Get a pet (tag) with invalid tag name</td>
<td>0.018s</td>
<td class="failures">failed</td>
</tr>
<tr>
<td class="success">Get a pet (tag) with valid tag name</td>
<td>0.018s</td>
<td class="success">passed</td>
</tr>
<tr>
<td class="success">Update a pet name</td>
<td>0.015s</td>
<td class="success">passed</td>
</tr>
<tr>
<td class="failures">Update a pet which does not exist</td>
<td>0.027s</td>
<td class="failures">failed</td>
</tr>
<tr>
<td class="failures">Update a pet with an ID which belongs to another pet</td>
<td>0.016s</td>
<td class="failures">failed</td>
</tr>
<tr>
<td class="success">Update a pet with mandatory parameters ID only</td>
<td>0.015s</td>
<td class="success">passed</td>
</tr>
<tr>
<td class="failures">Update a pet without mandatory parameters</td>
<td>0.166s</td>
<td class="failures">failed</td>
</tr>
</table>
</div>
<div id="tab2" class="tab">
<h2>Standard output</h2>
<span class="code">
<pre>request: {
    &quot;name&quot;: &quot;Tiger&quot;,
    &quot;id&quot;: 301,
    &quot;photoUrls&quot;: [
        &quot;testurl.com&quot;
    ],
    &quot;category&quot;: {
        &quot;id&quot;: 301,
        &quot;name&quot;: &quot;testpet&quot;
    },
    &quot;tags&quot;: [
        {
            &quot;id&quot;: 301,
            &quot;name&quot;: &quot;testtag&quot;
        }
    ],
    &quot;status&quot;: &quot;available&quot;
}
request: {
    &quot;name&quot;: &quot;Tiger&quot;,
    &quot;id&quot;: &quot;abc&quot;,
    &quot;photoUrls&quot;: [
        &quot;testurl.com&quot;
    ],
    &quot;category&quot;: {
        &quot;id&quot;: 301,
        &quot;name&quot;: &quot;testpet&quot;
    },
    &quot;tags&quot;: [
        {
            &quot;id&quot;: 301,
            &quot;name&quot;: &quot;testtag&quot;
        }
    ],
    &quot;status&quot;: &quot;available&quot;
}
error response: 400
request: {
    &quot;name&quot;: &quot;Tiger&quot;,
    &quot;id&quot;: 302,
    &quot;photoUrls&quot;: [
        &quot;testurl.com&quot;
    ],
    &quot;category&quot;: {
        &quot;id&quot;: 301,
        &quot;name&quot;: &quot;testpet&quot;
    },
    &quot;tags&quot;: [
        {
            &quot;id&quot;: 301,
            &quot;name&quot;: &quot;testtag&quot;
        }
    ],
    &quot;status&quot;: &quot;none&quot;
}
request: {
    &quot;name&quot;: &quot;Tiger1&quot;,
    &quot;id&quot;: 301,
    &quot;photoUrls&quot;: [
        &quot;testurl.com&quot;
    ],
    &quot;category&quot;: {
        &quot;id&quot;: 301,
        &quot;name&quot;: &quot;testpet&quot;
    },
    &quot;tags&quot;: [
        {
            &quot;id&quot;: 301,
            &quot;name&quot;: &quot;testtag&quot;
        }
    ],
    &quot;status&quot;: &quot;available&quot;
}
request: {
    &quot;name&quot;: &quot;Tiger2&quot;,
    &quot;id&quot;: null,
    &quot;photoUrls&quot;: [
        &quot;testurl.com&quot;
    ],
    &quot;category&quot;: {
        &quot;id&quot;: null,
        &quot;name&quot;: &quot;&quot;
    },
    &quot;tags&quot;: [
        {
            &quot;id&quot;: null,
            &quot;name&quot;: &quot;&quot;
        }
    ],
    &quot;status&quot;: &quot;&quot;
}
error response: 500
request: {
    &quot;name&quot;: &quot;&quot;,
    &quot;id&quot;: null,
    &quot;photoUrls&quot;: [
        &quot;&quot;
    ],
    &quot;category&quot;: {
        &quot;id&quot;: null,
        &quot;name&quot;: &quot;&quot;
    },
    &quot;tags&quot;: [
        {
            &quot;id&quot;: null,
            &quot;name&quot;: &quot;&quot;
        }
    ],
    &quot;status&quot;: &quot;&quot;
}
error response: 500
request: {
    &quot;name&quot;: &quot;Tiger Updated&quot;,
    &quot;id&quot;: 301,
    &quot;photoUrls&quot;: [
        &quot;&quot;
    ],
    &quot;category&quot;: {
        &quot;id&quot;: 301,
        &quot;name&quot;: &quot;testpet&quot;
    },
    &quot;tags&quot;: [
        {
            &quot;id&quot;: 301,
            &quot;name&quot;: &quot;testtag&quot;
        }
    ],
    &quot;status&quot;: &quot;available&quot;
}
request: {
    &quot;name&quot;: &quot;Tiger&quot;,
    &quot;id&quot;: 3001,
    &quot;photoUrls&quot;: [
        &quot;&quot;
    ],
    &quot;category&quot;: {
        &quot;id&quot;: 301,
        &quot;name&quot;: &quot;testpet&quot;
    },
    &quot;tags&quot;: [
        {
            &quot;id&quot;: 301,
            &quot;name&quot;: &quot;testtag&quot;
        }
    ],
    &quot;status&quot;: &quot;available&quot;
}
error response: 404
request: {
    &quot;name&quot;: &quot;Tiger1&quot;,
    &quot;id&quot;: 301,
    &quot;photoUrls&quot;: [
        &quot;&quot;
    ],
    &quot;category&quot;: {
        &quot;id&quot;: 301,
        &quot;name&quot;: &quot;testpet&quot;
    },
    &quot;tags&quot;: [
        {
            &quot;id&quot;: 301,
            &quot;name&quot;: &quot;testtag&quot;
        }
    ],
    &quot;status&quot;: &quot;available&quot;
}
request: {
    &quot;name&quot;: &quot;Tiger2&quot;,
    &quot;id&quot;: 301,
    &quot;photoUrls&quot;: [
        &quot;&quot;
    ],
    &quot;category&quot;: {
        &quot;id&quot;: null,
        &quot;name&quot;: &quot;testpetupdated&quot;
    },
    &quot;tags&quot;: [
        {
            &quot;id&quot;: null,
            &quot;name&quot;: &quot;&quot;
        }
    ],
    &quot;status&quot;: &quot;&quot;
}
request: {
    &quot;name&quot;: &quot;Tiger3&quot;,
    &quot;id&quot;: null,
    &quot;photoUrls&quot;: [
        &quot;&quot;
    ],
    &quot;category&quot;: {
        &quot;id&quot;: null,
        &quot;name&quot;: &quot;&quot;
    },
    &quot;tags&quot;: [
        {
            &quot;id&quot;: null,
            &quot;name&quot;: &quot;&quot;
        }
    ],
    &quot;status&quot;: &quot;&quot;
}
error response: 500
error response: 400
error response: 404
error response: 400
error response: 200
error response: 400
error response: 200
</pre>
</span>
</div>
<div id="tab3" class="tab">
<h2>Standard error</h2>
<span class="code">
<pre>SLF4J: Failed to load class &quot;org.slf4j.impl.StaticLoggerBinder&quot;.
SLF4J: Defaulting to no-operation (NOP) logger implementation
SLF4J: See http://www.slf4j.org/codes.html#StaticLoggerBinder for further details.
Mar 01, 2021 1:21:34 PM groovyx.net.http.HTTPBuilder$1 handleResponse
WARNING: Error parsing 'application/json' response
groovy.json.JsonException: Unable to determine the current character, it is not a string, number, array, or object

The current character read is 'P' with an int value of 80
Unable to determine the current character, it is not a string, number, array, or object
line number 1
index number 0
Pet not found???????????????????????????????????????????????????????????????????????????????????????????????????????????????????????????????????????????????????????????????????????????????????????????????????????????????????????????????????????????????????
^
	at groovy.json.internal.JsonParserCharArray.decodeValueInternal(JsonParserCharArray.java:206)
	at groovy.json.internal.JsonParserCharArray.decodeValue(JsonParserCharArray.java:157)
	at groovy.json.internal.JsonParserCharArray.decodeFromChars(JsonParserCharArray.java:46)
	at groovy.json.internal.JsonParserCharArray.parse(JsonParserCharArray.java:384)
	at groovy.json.internal.BaseJsonParser.parse(BaseJsonParser.java:128)
	at groovy.json.JsonSlurper.parse(JsonSlurper.java:221)
	at groovyx.net.http.ParserRegistry.parseJSON(ParserRegistry.java:280)
	at sun.reflect.NativeMethodAccessorImpl.invoke0(Native Method)
	at sun.reflect.NativeMethodAccessorImpl.invoke(NativeMethodAccessorImpl.java:62)
	at sun.reflect.DelegatingMethodAccessorImpl.invoke(DelegatingMethodAccessorImpl.java:43)
	at java.lang.reflect.Method.invoke(Method.java:498)
	at org.codehaus.groovy.reflection.CachedMethod.invoke(CachedMethod.java:93)
	at groovy.lang.MetaMethod.doMethodInvoke(MetaMethod.java:325)
	at groovy.lang.MetaClassImpl.invokeMethod(MetaClassImpl.java:1218)
	at groovy.lang.MetaClassImpl.invokeMethod(MetaClassImpl.java:1085)
	at groovy.lang.MetaClassImpl.invokeMethod(MetaClassImpl.java:1027)
	at groovy.lang.Closure.call(Closure.java:414)
	at groovy.lang.Closure.call(Closure.java:430)
	at groovyx.net.http.HTTPBuilder.parseResponse(HTTPBuilder.java:551)
	at groovyx.net.http.HTTPBuilder$1.handleResponse(HTTPBuilder.java:480)
	at org.apache.http.impl.client.AbstractHttpClient.execute(AbstractHttpClient.java:1070)
	at org.apache.http.impl.client.AbstractHttpClient.execute(AbstractHttpClient.java:1044)
	at groovyx.net.http.HTTPBuilder.doRequest(HTTPBuilder.java:506)
	at groovyx.net.http.RESTClient.put(RESTClient.java:163)
	at groovyx.net.http.RESTClient$put$0.call(Unknown Source)
	at PetTestSpec.$spock_feature_0_1(PetTestSpec.groovy:94)
	at sun.reflect.NativeMethodAccessorImpl.invoke0(Native Method)
	at sun.reflect.NativeMethodAccessorImpl.invoke(NativeMethodAccessorImpl.java:62)
	at sun.reflect.DelegatingMethodAccessorImpl.invoke(DelegatingMethodAccessorImpl.java:43)
	at java.lang.reflect.Method.invoke(Method.java:498)
	at org.spockframework.util.ReflectionUtil.invokeMethod(ReflectionUtil.java:188)
	at org.spockframework.runtime.model.MethodInfo.invoke(MethodInfo.java:84)
	at org.spockframework.runtime.BaseSpecRunner.invokeRaw(BaseSpecRunner.java:481)
	at org.spockframework.runtime.BaseSpecRunner.invoke(BaseSpecRunner.java:464)
	at org.spockframework.runtime.BaseSpecRunner.runFeatureMethod(BaseSpecRunner.java:406)
	at org.spockframework.runtime.BaseSpecRunner.doRunIteration(BaseSpecRunner.java:324)
	at org.spockframework.runtime.BaseSpecRunner$6.invoke(BaseSpecRunner.java:309)
	at org.spockframework.runtime.BaseSpecRunner.invokeRaw(BaseSpecRunner.java:481)
	at org.spockframework.runtime.BaseSpecRunner.invoke(BaseSpecRunner.java:464)
	at org.spockframework.runtime.BaseSpecRunner.runIteration(BaseSpecRunner.java:288)
	at org.spockframework.runtime.BaseSpecRunner.initializeAndRunIteration(BaseSpecRunner.java:278)
	at org.spockframework.runtime.ParameterizedSpecRunner.runIterations(ParameterizedSpecRunner.java:139)
	at org.spockframework.runtime.ParameterizedSpecRunner.runParameterizedFeature(ParameterizedSpecRunner.java:41)
	at org.spockframework.runtime.BaseSpecRunner.doRunFeature(BaseSpecRunner.java:262)
	at org.spockframework.runtime.BaseSpecRunner$5.invoke(BaseSpecRunner.java:246)
	at org.spockframework.runtime.BaseSpecRunner.invokeRaw(BaseSpecRunner.java:481)
	at org.spockframework.runtime.BaseSpecRunner.invoke(BaseSpecRunner.java:464)
	at org.spockframework.runtime.BaseSpecRunner.runFeature(BaseSpecRunner.java:238)
	at org.spockframework.runtime.BaseSpecRunner.runFeatures(BaseSpecRunner.java:188)
	at org.spockframework.runtime.BaseSpecRunner.doRunSpec(BaseSpecRunner.java:98)
	at org.spockframework.runtime.BaseSpecRunner$1.invoke(BaseSpecRunner.java:84)
	at org.spockframework.runtime.BaseSpecRunner.invokeRaw(BaseSpecRunner.java:481)
	at org.spockframework.runtime.BaseSpecRunner.invoke(BaseSpecRunner.java:464)
	at org.spockframework.runtime.BaseSpecRunner.runSpec(BaseSpecRunner.java:76)
	at org.spockframework.runtime.BaseSpecRunner.run(BaseSpecRunner.java:67)
	at org.spockframework.runtime.Sputnik.run(Sputnik.java:63)
	at org.gradle.api.internal.tasks.testing.junit.JUnitTestClassExecuter.runTestClass(JUnitTestClassExecuter.java:114)
	at org.gradle.api.internal.tasks.testing.junit.JUnitTestClassExecuter.execute(JUnitTestClassExecuter.java:57)
	at org.gradle.api.internal.tasks.testing.junit.JUnitTestClassProcessor.processTestClass(JUnitTestClassProcessor.java:66)
	at org.gradle.api.internal.tasks.testing.SuiteTestClassProcessor.processTestClass(SuiteTestClassProcessor.java:51)
	at sun.reflect.NativeMethodAccessorImpl.invoke0(Native Method)
	at sun.reflect.NativeMethodAccessorImpl.invoke(NativeMethodAccessorImpl.java:62)
	at sun.reflect.DelegatingMethodAccessorImpl.invoke(DelegatingMethodAccessorImpl.java:43)
	at java.lang.reflect.Method.invoke(Method.java:498)
	at org.gradle.internal.dispatch.ReflectionDispatch.dispatch(ReflectionDispatch.java:35)
	at org.gradle.internal.dispatch.ReflectionDispatch.dispatch(ReflectionDispatch.java:24)
	at org.gradle.internal.dispatch.ContextClassLoaderDispatch.dispatch(ContextClassLoaderDispatch.java:32)
	at org.gradle.internal.dispatch.ProxyDispatchAdapter$DispatchingInvocationHandler.invoke(ProxyDispatchAdapter.java:93)
	at com.sun.proxy.$Proxy1.processTestClass(Unknown Source)
	at org.gradle.api.internal.tasks.testing.worker.TestWorker.processTestClass(TestWorker.java:109)
	at sun.reflect.NativeMethodAccessorImpl.invoke0(Native Method)
	at sun.reflect.NativeMethodAccessorImpl.invoke(NativeMethodAccessorImpl.java:62)
	at sun.reflect.DelegatingMethodAccessorImpl.invoke(DelegatingMethodAccessorImpl.java:43)
	at java.lang.reflect.Method.invoke(Method.java:498)
	at org.gradle.internal.dispatch.ReflectionDispatch.dispatch(ReflectionDispatch.java:35)
	at org.gradle.internal.dispatch.ReflectionDispatch.dispatch(ReflectionDispatch.java:24)
	at org.gradle.internal.remote.internal.hub.MessageHubBackedObjectConnection$DispatchWrapper.dispatch(MessageHubBackedObjectConnection.java:146)
	at org.gradle.internal.remote.internal.hub.MessageHubBackedObjectConnection$DispatchWrapper.dispatch(MessageHubBackedObjectConnection.java:128)
	at org.gradle.internal.remote.internal.hub.MessageHub$Handler.run(MessageHub.java:404)
	at org.gradle.internal.concurrent.ExecutorPolicy$CatchAndRecordFailures.onExecute(ExecutorPolicy.java:63)
	at org.gradle.internal.concurrent.StoppableExecutorImpl$1.run(StoppableExecutorImpl.java:46)
	at java.util.concurrent.ThreadPoolExecutor.runWorker(ThreadPoolExecutor.java:1149)
	at java.util.concurrent.ThreadPoolExecutor$Worker.run(ThreadPoolExecutor.java:624)
	at org.gradle.internal.concurrent.ThreadFactoryImpl$ManagedThreadRunnable.run(ThreadFactoryImpl.java:55)
	at java.lang.Thread.run(Thread.java:748)

Mar 01, 2021 1:21:35 PM groovyx.net.http.HTTPBuilder$1 handleResponse
WARNING: Error parsing 'application/json' response
groovy.json.JsonException: Unable to determine the current character, it is not a string, number, array, or object

The current character read is 'P' with an int value of 80
Unable to determine the current character, it is not a string, number, array, or object
line number 1
index number 0
Pet not found???????????????????????????????????????????????????????????????????????????????????????????????????????????????????????????????????????????????????????????????????????????????????????????????????????????????????????????????????????????????????
^
	at groovy.json.internal.JsonParserCharArray.decodeValueInternal(JsonParserCharArray.java:206)
	at groovy.json.internal.JsonParserCharArray.decodeValue(JsonParserCharArray.java:157)
	at groovy.json.internal.JsonParserCharArray.decodeFromChars(JsonParserCharArray.java:46)
	at groovy.json.internal.JsonParserCharArray.parse(JsonParserCharArray.java:384)
	at groovy.json.internal.BaseJsonParser.parse(BaseJsonParser.java:128)
	at groovy.json.JsonSlurper.parse(JsonSlurper.java:221)
	at groovyx.net.http.ParserRegistry.parseJSON(ParserRegistry.java:280)
	at sun.reflect.NativeMethodAccessorImpl.invoke0(Native Method)
	at sun.reflect.NativeMethodAccessorImpl.invoke(NativeMethodAccessorImpl.java:62)
	at sun.reflect.DelegatingMethodAccessorImpl.invoke(DelegatingMethodAccessorImpl.java:43)
	at java.lang.reflect.Method.invoke(Method.java:498)
	at org.codehaus.groovy.reflection.CachedMethod.invoke(CachedMethod.java:93)
	at groovy.lang.MetaMethod.doMethodInvoke(MetaMethod.java:325)
	at groovy.lang.MetaClassImpl.invokeMethod(MetaClassImpl.java:1218)
	at groovy.lang.MetaClassImpl.invokeMethod(MetaClassImpl.java:1085)
	at groovy.lang.MetaClassImpl.invokeMethod(MetaClassImpl.java:1027)
	at groovy.lang.Closure.call(Closure.java:414)
	at groovy.lang.Closure.call(Closure.java:430)
	at groovyx.net.http.HTTPBuilder.parseResponse(HTTPBuilder.java:551)
	at groovyx.net.http.HTTPBuilder$1.handleResponse(HTTPBuilder.java:480)
	at org.apache.http.impl.client.AbstractHttpClient.execute(AbstractHttpClient.java:1070)
	at org.apache.http.impl.client.AbstractHttpClient.execute(AbstractHttpClient.java:1044)
	at groovyx.net.http.HTTPBuilder.doRequest(HTTPBuilder.java:506)
	at groovyx.net.http.RESTClient.get(RESTClient.java:119)
	at groovyx.net.http.RESTClient$get$1.call(Unknown Source)
	at PetTestSpec.$spock_feature_0_2(PetTestSpec.groovy:124)
	at sun.reflect.NativeMethodAccessorImpl.invoke0(Native Method)
	at sun.reflect.NativeMethodAccessorImpl.invoke(NativeMethodAccessorImpl.java:62)
	at sun.reflect.DelegatingMethodAccessorImpl.invoke(DelegatingMethodAccessorImpl.java:43)
	at java.lang.reflect.Method.invoke(Method.java:498)
	at org.spockframework.util.ReflectionUtil.invokeMethod(ReflectionUtil.java:188)
	at org.spockframework.runtime.model.MethodInfo.invoke(MethodInfo.java:84)
	at org.spockframework.runtime.BaseSpecRunner.invokeRaw(BaseSpecRunner.java:481)
	at org.spockframework.runtime.BaseSpecRunner.invoke(BaseSpecRunner.java:464)
	at org.spockframework.runtime.BaseSpecRunner.runFeatureMethod(BaseSpecRunner.java:406)
	at org.spockframework.runtime.BaseSpecRunner.doRunIteration(BaseSpecRunner.java:324)
	at org.spockframework.runtime.BaseSpecRunner$6.invoke(BaseSpecRunner.java:309)
	at org.spockframework.runtime.BaseSpecRunner.invokeRaw(BaseSpecRunner.java:481)
	at org.spockframework.runtime.BaseSpecRunner.invoke(BaseSpecRunner.java:464)
	at org.spockframework.runtime.BaseSpecRunner.runIteration(BaseSpecRunner.java:288)
	at org.spockframework.runtime.BaseSpecRunner.initializeAndRunIteration(BaseSpecRunner.java:278)
	at org.spockframework.runtime.ParameterizedSpecRunner.runIterations(ParameterizedSpecRunner.java:139)
	at org.spockframework.runtime.ParameterizedSpecRunner.runParameterizedFeature(ParameterizedSpecRunner.java:41)
	at org.spockframework.runtime.BaseSpecRunner.doRunFeature(BaseSpecRunner.java:262)
	at org.spockframework.runtime.BaseSpecRunner$5.invoke(BaseSpecRunner.java:246)
	at org.spockframework.runtime.BaseSpecRunner.invokeRaw(BaseSpecRunner.java:481)
	at org.spockframework.runtime.BaseSpecRunner.invoke(BaseSpecRunner.java:464)
	at org.spockframework.runtime.BaseSpecRunner.runFeature(BaseSpecRunner.java:238)
	at org.spockframework.runtime.BaseSpecRunner.runFeatures(BaseSpecRunner.java:188)
	at org.spockframework.runtime.BaseSpecRunner.doRunSpec(BaseSpecRunner.java:98)
	at org.spockframework.runtime.BaseSpecRunner$1.invoke(BaseSpecRunner.java:84)
	at org.spockframework.runtime.BaseSpecRunner.invokeRaw(BaseSpecRunner.java:481)
	at org.spockframework.runtime.BaseSpecRunner.invoke(BaseSpecRunner.java:464)
	at org.spockframework.runtime.BaseSpecRunner.runSpec(BaseSpecRunner.java:76)
	at org.spockframework.runtime.BaseSpecRunner.run(BaseSpecRunner.java:67)
	at org.spockframework.runtime.Sputnik.run(Sputnik.java:63)
	at org.gradle.api.internal.tasks.testing.junit.JUnitTestClassExecuter.runTestClass(JUnitTestClassExecuter.java:114)
	at org.gradle.api.internal.tasks.testing.junit.JUnitTestClassExecuter.execute(JUnitTestClassExecuter.java:57)
	at org.gradle.api.internal.tasks.testing.junit.JUnitTestClassProcessor.processTestClass(JUnitTestClassProcessor.java:66)
	at org.gradle.api.internal.tasks.testing.SuiteTestClassProcessor.processTestClass(SuiteTestClassProcessor.java:51)
	at sun.reflect.NativeMethodAccessorImpl.invoke0(Native Method)
	at sun.reflect.NativeMethodAccessorImpl.invoke(NativeMethodAccessorImpl.java:62)
	at sun.reflect.DelegatingMethodAccessorImpl.invoke(DelegatingMethodAccessorImpl.java:43)
	at java.lang.reflect.Method.invoke(Method.java:498)
	at org.gradle.internal.dispatch.ReflectionDispatch.dispatch(ReflectionDispatch.java:35)
	at org.gradle.internal.dispatch.ReflectionDispatch.dispatch(ReflectionDispatch.java:24)
	at org.gradle.internal.dispatch.ContextClassLoaderDispatch.dispatch(ContextClassLoaderDispatch.java:32)
	at org.gradle.internal.dispatch.ProxyDispatchAdapter$DispatchingInvocationHandler.invoke(ProxyDispatchAdapter.java:93)
	at com.sun.proxy.$Proxy1.processTestClass(Unknown Source)
	at org.gradle.api.internal.tasks.testing.worker.TestWorker.processTestClass(TestWorker.java:109)
	at sun.reflect.NativeMethodAccessorImpl.invoke0(Native Method)
	at sun.reflect.NativeMethodAccessorImpl.invoke(NativeMethodAccessorImpl.java:62)
	at sun.reflect.DelegatingMethodAccessorImpl.invoke(DelegatingMethodAccessorImpl.java:43)
	at java.lang.reflect.Method.invoke(Method.java:498)
	at org.gradle.internal.dispatch.ReflectionDispatch.dispatch(ReflectionDispatch.java:35)
	at org.gradle.internal.dispatch.ReflectionDispatch.dispatch(ReflectionDispatch.java:24)
	at org.gradle.internal.remote.internal.hub.MessageHubBackedObjectConnection$DispatchWrapper.dispatch(MessageHubBackedObjectConnection.java:146)
	at org.gradle.internal.remote.internal.hub.MessageHubBackedObjectConnection$DispatchWrapper.dispatch(MessageHubBackedObjectConnection.java:128)
	at org.gradle.internal.remote.internal.hub.MessageHub$Handler.run(MessageHub.java:404)
	at org.gradle.internal.concurrent.ExecutorPolicy$CatchAndRecordFailures.onExecute(ExecutorPolicy.java:63)
	at org.gradle.internal.concurrent.StoppableExecutorImpl$1.run(StoppableExecutorImpl.java:46)
	at java.util.concurrent.ThreadPoolExecutor.runWorker(ThreadPoolExecutor.java:1149)
	at java.util.concurrent.ThreadPoolExecutor$Worker.run(ThreadPoolExecutor.java:624)
	at org.gradle.internal.concurrent.ThreadFactoryImpl$ManagedThreadRunnable.run(ThreadFactoryImpl.java:55)
	at java.lang.Thread.run(Thread.java:748)

Mar 01, 2021 1:21:35 PM groovyx.net.http.HTTPBuilder$1 handleResponse
WARNING: Error parsing 'application/json' response
groovy.json.JsonException: Unable to determine the current character, it is not a string, number, array, or object

The current character read is 'P' with an int value of 80
Unable to determine the current character, it is not a string, number, array, or object
line number 1
index number 0
Pet deleted?????????????????????????????????????????????????????????????????????????????????????????????????????????????????????????????????????????????????????????????????????????????????????????????????????????????????????????????????????????????????????
^
	at groovy.json.internal.JsonParserCharArray.decodeValueInternal(JsonParserCharArray.java:206)
	at groovy.json.internal.JsonParserCharArray.decodeValue(JsonParserCharArray.java:157)
	at groovy.json.internal.JsonParserCharArray.decodeFromChars(JsonParserCharArray.java:46)
	at groovy.json.internal.JsonParserCharArray.parse(JsonParserCharArray.java:384)
	at groovy.json.internal.BaseJsonParser.parse(BaseJsonParser.java:128)
	at groovy.json.JsonSlurper.parse(JsonSlurper.java:221)
	at groovyx.net.http.ParserRegistry.parseJSON(ParserRegistry.java:280)
	at sun.reflect.GeneratedMethodAccessor11.invoke(Unknown Source)
	at sun.reflect.DelegatingMethodAccessorImpl.invoke(DelegatingMethodAccessorImpl.java:43)
	at java.lang.reflect.Method.invoke(Method.java:498)
	at org.codehaus.groovy.reflection.CachedMethod.invoke(CachedMethod.java:93)
	at groovy.lang.MetaMethod.doMethodInvoke(MetaMethod.java:325)
	at groovy.lang.MetaClassImpl.invokeMethod(MetaClassImpl.java:1218)
	at groovy.lang.MetaClassImpl.invokeMethod(MetaClassImpl.java:1085)
	at groovy.lang.MetaClassImpl.invokeMethod(MetaClassImpl.java:1027)
	at groovy.lang.Closure.call(Closure.java:414)
	at groovy.lang.Closure.call(Closure.java:430)
	at groovyx.net.http.HTTPBuilder.parseResponse(HTTPBuilder.java:551)
	at groovyx.net.http.HTTPBuilder$1.handleResponse(HTTPBuilder.java:480)
	at org.apache.http.impl.client.AbstractHttpClient.execute(AbstractHttpClient.java:1070)
	at org.apache.http.impl.client.AbstractHttpClient.execute(AbstractHttpClient.java:1044)
	at groovyx.net.http.HTTPBuilder.doRequest(HTTPBuilder.java:506)
	at groovyx.net.http.RESTClient.delete(RESTClient.java:219)
	at groovyx.net.http.RESTClient$delete$2.call(Unknown Source)
	at org.codehaus.groovy.runtime.callsite.CallSiteArray.defaultCall(CallSiteArray.java:48)
	at org.codehaus.groovy.runtime.callsite.AbstractCallSite.call(AbstractCallSite.java:113)
	at org.codehaus.groovy.runtime.callsite.AbstractCallSite.call(AbstractCallSite.java:125)
	at PetTestSpec.$spock_feature_0_5(PetTestSpec.groovy:199)
	at sun.reflect.NativeMethodAccessorImpl.invoke0(Native Method)
	at sun.reflect.NativeMethodAccessorImpl.invoke(NativeMethodAccessorImpl.java:62)
	at sun.reflect.DelegatingMethodAccessorImpl.invoke(DelegatingMethodAccessorImpl.java:43)
	at java.lang.reflect.Method.invoke(Method.java:498)
	at org.spockframework.util.ReflectionUtil.invokeMethod(ReflectionUtil.java:188)
	at org.spockframework.runtime.model.MethodInfo.invoke(MethodInfo.java:84)
	at org.spockframework.runtime.BaseSpecRunner.invokeRaw(BaseSpecRunner.java:481)
	at org.spockframework.runtime.BaseSpecRunner.invoke(BaseSpecRunner.java:464)
	at org.spockframework.runtime.BaseSpecRunner.runFeatureMethod(BaseSpecRunner.java:406)
	at org.spockframework.runtime.BaseSpecRunner.doRunIteration(BaseSpecRunner.java:324)
	at org.spockframework.runtime.BaseSpecRunner$6.invoke(BaseSpecRunner.java:309)
	at org.spockframework.runtime.BaseSpecRunner.invokeRaw(BaseSpecRunner.java:481)
	at org.spockframework.runtime.BaseSpecRunner.invoke(BaseSpecRunner.java:464)
	at org.spockframework.runtime.BaseSpecRunner.runIteration(BaseSpecRunner.java:288)
	at org.spockframework.runtime.BaseSpecRunner.initializeAndRunIteration(BaseSpecRunner.java:278)
	at org.spockframework.runtime.ParameterizedSpecRunner.runIterations(ParameterizedSpecRunner.java:139)
	at org.spockframework.runtime.ParameterizedSpecRunner.runParameterizedFeature(ParameterizedSpecRunner.java:41)
	at org.spockframework.runtime.BaseSpecRunner.doRunFeature(BaseSpecRunner.java:262)
	at org.spockframework.runtime.BaseSpecRunner$5.invoke(BaseSpecRunner.java:246)
	at org.spockframework.runtime.BaseSpecRunner.invokeRaw(BaseSpecRunner.java:481)
	at org.spockframework.runtime.BaseSpecRunner.invoke(BaseSpecRunner.java:464)
	at org.spockframework.runtime.BaseSpecRunner.runFeature(BaseSpecRunner.java:238)
	at org.spockframework.runtime.BaseSpecRunner.runFeatures(BaseSpecRunner.java:188)
	at org.spockframework.runtime.BaseSpecRunner.doRunSpec(BaseSpecRunner.java:98)
	at org.spockframework.runtime.BaseSpecRunner$1.invoke(BaseSpecRunner.java:84)
	at org.spockframework.runtime.BaseSpecRunner.invokeRaw(BaseSpecRunner.java:481)
	at org.spockframework.runtime.BaseSpecRunner.invoke(BaseSpecRunner.java:464)
	at org.spockframework.runtime.BaseSpecRunner.runSpec(BaseSpecRunner.java:76)
	at org.spockframework.runtime.BaseSpecRunner.run(BaseSpecRunner.java:67)
	at org.spockframework.runtime.Sputnik.run(Sputnik.java:63)
	at org.gradle.api.internal.tasks.testing.junit.JUnitTestClassExecuter.runTestClass(JUnitTestClassExecuter.java:114)
	at org.gradle.api.internal.tasks.testing.junit.JUnitTestClassExecuter.execute(JUnitTestClassExecuter.java:57)
	at org.gradle.api.internal.tasks.testing.junit.JUnitTestClassProcessor.processTestClass(JUnitTestClassProcessor.java:66)
	at org.gradle.api.internal.tasks.testing.SuiteTestClassProcessor.processTestClass(SuiteTestClassProcessor.java:51)
	at sun.reflect.NativeMethodAccessorImpl.invoke0(Native Method)
	at sun.reflect.NativeMethodAccessorImpl.invoke(NativeMethodAccessorImpl.java:62)
	at sun.reflect.DelegatingMethodAccessorImpl.invoke(DelegatingMethodAccessorImpl.java:43)
	at java.lang.reflect.Method.invoke(Method.java:498)
	at org.gradle.internal.dispatch.ReflectionDispatch.dispatch(ReflectionDispatch.java:35)
	at org.gradle.internal.dispatch.ReflectionDispatch.dispatch(ReflectionDispatch.java:24)
	at org.gradle.internal.dispatch.ContextClassLoaderDispatch.dispatch(ContextClassLoaderDispatch.java:32)
	at org.gradle.internal.dispatch.ProxyDispatchAdapter$DispatchingInvocationHandler.invoke(ProxyDispatchAdapter.java:93)
	at com.sun.proxy.$Proxy1.processTestClass(Unknown Source)
	at org.gradle.api.internal.tasks.testing.worker.TestWorker.processTestClass(TestWorker.java:109)
	at sun.reflect.NativeMethodAccessorImpl.invoke0(Native Method)
	at sun.reflect.NativeMethodAccessorImpl.invoke(NativeMethodAccessorImpl.java:62)
	at sun.reflect.DelegatingMethodAccessorImpl.invoke(DelegatingMethodAccessorImpl.java:43)
	at java.lang.reflect.Method.invoke(Method.java:498)
	at org.gradle.internal.dispatch.ReflectionDispatch.dispatch(ReflectionDispatch.java:35)
	at org.gradle.internal.dispatch.ReflectionDispatch.dispatch(ReflectionDispatch.java:24)
	at org.gradle.internal.remote.internal.hub.MessageHubBackedObjectConnection$DispatchWrapper.dispatch(MessageHubBackedObjectConnection.java:146)
	at org.gradle.internal.remote.internal.hub.MessageHubBackedObjectConnection$DispatchWrapper.dispatch(MessageHubBackedObjectConnection.java:128)
	at org.gradle.internal.remote.internal.hub.MessageHub$Handler.run(MessageHub.java:404)
	at org.gradle.internal.concurrent.ExecutorPolicy$CatchAndRecordFailures.onExecute(ExecutorPolicy.java:63)
	at org.gradle.internal.concurrent.StoppableExecutorImpl$1.run(StoppableExecutorImpl.java:46)
	at java.util.concurrent.ThreadPoolExecutor.runWorker(ThreadPoolExecutor.java:1149)
	at java.util.concurrent.ThreadPoolExecutor$Worker.run(ThreadPoolExecutor.java:624)
	at org.gradle.internal.concurrent.ThreadFactoryImpl$ManagedThreadRunnable.run(ThreadFactoryImpl.java:55)
	at java.lang.Thread.run(Thread.java:748)

Mar 01, 2021 1:21:35 PM groovyx.net.http.HTTPBuilder$1 handleResponse
WARNING: Error parsing 'application/json' response
groovy.json.JsonException: Unable to determine the current character, it is not a string, number, array, or object

The current character read is 'P' with an int value of 80
Unable to determine the current character, it is not a string, number, array, or object
line number 1
index number 0
Pet deleted?????????????????????????????????????????????????????????????????????????????????????????????????????????????????????????????????????????????????????????????????????????????????????????????????????????????????????????????????????????????????????
^
	at groovy.json.internal.JsonParserCharArray.decodeValueInternal(JsonParserCharArray.java:206)
	at groovy.json.internal.JsonParserCharArray.decodeValue(JsonParserCharArray.java:157)
	at groovy.json.internal.JsonParserCharArray.decodeFromChars(JsonParserCharArray.java:46)
	at groovy.json.internal.JsonParserCharArray.parse(JsonParserCharArray.java:384)
	at groovy.json.internal.BaseJsonParser.parse(BaseJsonParser.java:128)
	at groovy.json.JsonSlurper.parse(JsonSlurper.java:221)
	at groovyx.net.http.ParserRegistry.parseJSON(ParserRegistry.java:280)
	at sun.reflect.GeneratedMethodAccessor11.invoke(Unknown Source)
	at sun.reflect.DelegatingMethodAccessorImpl.invoke(DelegatingMethodAccessorImpl.java:43)
	at java.lang.reflect.Method.invoke(Method.java:498)
	at org.codehaus.groovy.reflection.CachedMethod.invoke(CachedMethod.java:93)
	at groovy.lang.MetaMethod.doMethodInvoke(MetaMethod.java:325)
	at groovy.lang.MetaClassImpl.invokeMethod(MetaClassImpl.java:1218)
	at groovy.lang.MetaClassImpl.invokeMethod(MetaClassImpl.java:1085)
	at groovy.lang.MetaClassImpl.invokeMethod(MetaClassImpl.java:1027)
	at groovy.lang.Closure.call(Closure.java:414)
	at groovy.lang.Closure.call(Closure.java:430)
	at groovyx.net.http.HTTPBuilder.parseResponse(HTTPBuilder.java:551)
	at groovyx.net.http.HTTPBuilder$1.handleResponse(HTTPBuilder.java:480)
	at org.apache.http.impl.client.AbstractHttpClient.execute(AbstractHttpClient.java:1070)
	at org.apache.http.impl.client.AbstractHttpClient.execute(AbstractHttpClient.java:1044)
	at groovyx.net.http.HTTPBuilder.doRequest(HTTPBuilder.java:506)
	at groovyx.net.http.RESTClient.delete(RESTClient.java:219)
	at groovyx.net.http.RESTClient$delete$2.call(Unknown Source)
	at PetTestSpec.$spock_feature_0_5(PetTestSpec.groovy:199)
	at sun.reflect.NativeMethodAccessorImpl.invoke0(Native Method)
	at sun.reflect.NativeMethodAccessorImpl.invoke(NativeMethodAccessorImpl.java:62)
	at sun.reflect.DelegatingMethodAccessorImpl.invoke(DelegatingMethodAccessorImpl.java:43)
	at java.lang.reflect.Method.invoke(Method.java:498)
	at org.spockframework.util.ReflectionUtil.invokeMethod(ReflectionUtil.java:188)
	at org.spockframework.runtime.model.MethodInfo.invoke(MethodInfo.java:84)
	at org.spockframework.runtime.BaseSpecRunner.invokeRaw(BaseSpecRunner.java:481)
	at org.spockframework.runtime.BaseSpecRunner.invoke(BaseSpecRunner.java:464)
	at org.spockframework.runtime.BaseSpecRunner.runFeatureMethod(BaseSpecRunner.java:406)
	at org.spockframework.runtime.BaseSpecRunner.doRunIteration(BaseSpecRunner.java:324)
	at org.spockframework.runtime.BaseSpecRunner$6.invoke(BaseSpecRunner.java:309)
	at org.spockframework.runtime.BaseSpecRunner.invokeRaw(BaseSpecRunner.java:481)
	at org.spockframework.runtime.BaseSpecRunner.invoke(BaseSpecRunner.java:464)
	at org.spockframework.runtime.BaseSpecRunner.runIteration(BaseSpecRunner.java:288)
	at org.spockframework.runtime.BaseSpecRunner.initializeAndRunIteration(BaseSpecRunner.java:278)
	at org.spockframework.runtime.ParameterizedSpecRunner.runIterations(ParameterizedSpecRunner.java:139)
	at org.spockframework.runtime.ParameterizedSpecRunner.runParameterizedFeature(ParameterizedSpecRunner.java:41)
	at org.spockframework.runtime.BaseSpecRunner.doRunFeature(BaseSpecRunner.java:262)
	at org.spockframework.runtime.BaseSpecRunner$5.invoke(BaseSpecRunner.java:246)
	at org.spockframework.runtime.BaseSpecRunner.invokeRaw(BaseSpecRunner.java:481)
	at org.spockframework.runtime.BaseSpecRunner.invoke(BaseSpecRunner.java:464)
	at org.spockframework.runtime.BaseSpecRunner.runFeature(BaseSpecRunner.java:238)
	at org.spockframework.runtime.BaseSpecRunner.runFeatures(BaseSpecRunner.java:188)
	at org.spockframework.runtime.BaseSpecRunner.doRunSpec(BaseSpecRunner.java:98)
	at org.spockframework.runtime.BaseSpecRunner$1.invoke(BaseSpecRunner.java:84)
	at org.spockframework.runtime.BaseSpecRunner.invokeRaw(BaseSpecRunner.java:481)
	at org.spockframework.runtime.BaseSpecRunner.invoke(BaseSpecRunner.java:464)
	at org.spockframework.runtime.BaseSpecRunner.runSpec(BaseSpecRunner.java:76)
	at org.spockframework.runtime.BaseSpecRunner.run(BaseSpecRunner.java:67)
	at org.spockframework.runtime.Sputnik.run(Sputnik.java:63)
	at org.gradle.api.internal.tasks.testing.junit.JUnitTestClassExecuter.runTestClass(JUnitTestClassExecuter.java:114)
	at org.gradle.api.internal.tasks.testing.junit.JUnitTestClassExecuter.execute(JUnitTestClassExecuter.java:57)
	at org.gradle.api.internal.tasks.testing.junit.JUnitTestClassProcessor.processTestClass(JUnitTestClassProcessor.java:66)
	at org.gradle.api.internal.tasks.testing.SuiteTestClassProcessor.processTestClass(SuiteTestClassProcessor.java:51)
	at sun.reflect.NativeMethodAccessorImpl.invoke0(Native Method)
	at sun.reflect.NativeMethodAccessorImpl.invoke(NativeMethodAccessorImpl.java:62)
	at sun.reflect.DelegatingMethodAccessorImpl.invoke(DelegatingMethodAccessorImpl.java:43)
	at java.lang.reflect.Method.invoke(Method.java:498)
	at org.gradle.internal.dispatch.ReflectionDispatch.dispatch(ReflectionDispatch.java:35)
	at org.gradle.internal.dispatch.ReflectionDispatch.dispatch(ReflectionDispatch.java:24)
	at org.gradle.internal.dispatch.ContextClassLoaderDispatch.dispatch(ContextClassLoaderDispatch.java:32)
	at org.gradle.internal.dispatch.ProxyDispatchAdapter$DispatchingInvocationHandler.invoke(ProxyDispatchAdapter.java:93)
	at com.sun.proxy.$Proxy1.processTestClass(Unknown Source)
	at org.gradle.api.internal.tasks.testing.worker.TestWorker.processTestClass(TestWorker.java:109)
	at sun.reflect.NativeMethodAccessorImpl.invoke0(Native Method)
	at sun.reflect.NativeMethodAccessorImpl.invoke(NativeMethodAccessorImpl.java:62)
	at sun.reflect.DelegatingMethodAccessorImpl.invoke(DelegatingMethodAccessorImpl.java:43)
	at java.lang.reflect.Method.invoke(Method.java:498)
	at org.gradle.internal.dispatch.ReflectionDispatch.dispatch(ReflectionDispatch.java:35)
	at org.gradle.internal.dispatch.ReflectionDispatch.dispatch(ReflectionDispatch.java:24)
	at org.gradle.internal.remote.internal.hub.MessageHubBackedObjectConnection$DispatchWrapper.dispatch(MessageHubBackedObjectConnection.java:146)
	at org.gradle.internal.remote.internal.hub.MessageHubBackedObjectConnection$DispatchWrapper.dispatch(MessageHubBackedObjectConnection.java:128)
	at org.gradle.internal.remote.internal.hub.MessageHub$Handler.run(MessageHub.java:404)
	at org.gradle.internal.concurrent.ExecutorPolicy$CatchAndRecordFailures.onExecute(ExecutorPolicy.java:63)
	at org.gradle.internal.concurrent.StoppableExecutorImpl$1.run(StoppableExecutorImpl.java:46)
	at java.util.concurrent.ThreadPoolExecutor.runWorker(ThreadPoolExecutor.java:1149)
	at java.util.concurrent.ThreadPoolExecutor$Worker.run(ThreadPoolExecutor.java:624)
	at org.gradle.internal.concurrent.ThreadFactoryImpl$ManagedThreadRunnable.run(ThreadFactoryImpl.java:55)
	at java.lang.Thread.run(Thread.java:748)

</pre>
</span>
</div>
</div>
<div id="footer">
<p>
<div>
<label class="hidden" id="label-for-line-wrapping-toggle" for="line-wrapping-toggle">Wrap lines
<input id="line-wrapping-toggle" type="checkbox" autocomplete="off"/>
</label>
</div>Generated by 
<a href="http://www.gradle.org">Gradle 4.0.1</a> at Mar 1, 2021 1:21:38 PM</p>
</div>
</div>
</body>
</html>
