<!DOCTYPE html>
<html>
<head>
<meta http-equiv="Content-Type" content="text/html; charset=utf-8"/>
<meta http-equiv="x-ua-compatible" content="IE=edge"/>
<title>Test results - Class UserTestSpec</title>
<link href="../css/base-style.css" rel="stylesheet" type="text/css"/>
<link href="../css/style.css" rel="stylesheet" type="text/css"/>
<script src="../js/report.js" type="text/javascript"></script>
</head>
<body>
<div id="content">
<h1>Class UserTestSpec</h1>
<div class="breadcrumbs">
<a href="../index.html">all</a> &gt; 
<a href="../packages/default-package.html">default-package</a> &gt; UserTestSpec</div>
<div id="summary">
<table>
<tr>
<td>
<div class="summaryGroup">
<table>
<tr>
<td>
<div class="infoBox" id="tests">
<div class="counter">15</div>
<p>tests</p>
</div>
</td>
<td>
<div class="infoBox" id="failures">
<div class="counter">15</div>
<p>failures</p>
</div>
</td>
<td>
<div class="infoBox" id="ignored">
<div class="counter">0</div>
<p>ignored</p>
</div>
</td>
<td>
<div class="infoBox" id="duration">
<div class="counter">1.868s</div>
<p>duration</p>
</div>
</td>
</tr>
</table>
</div>
</td>
<td>
<div class="infoBox failures" id="successRate">
<div class="percent">0%</div>
<p>successful</p>
</div>
</td>
</tr>
</table>
</div>
<div id="tabs">
<ul class="tabLinks">
<li>
<a href="#tab0">Failed tests</a>
</li>
<li>
<a href="#tab1">Tests</a>
</li>
<li>
<a href="#tab2">Standard output</a>
</li>
<li>
<a href="#tab3">Standard error</a>
</li>
</ul>
<div id="tab0" class="tab">
<h2>Failed tests</h2>
<div class="test">
<a name="Create an user with valid data for all parameter"></a>
<h3 class="failures">Create an user with valid data for all parameter</h3>
<span class="code">
<pre>Condition not satisfied:

response.status == responseStatus
|        |      |  |
|        500    |  200
|               false
groovyx.net.http.HttpResponseDecorator@12136834

	at UserTestSpec.Create an user(UserTestSpec.groovy:44)
</pre>
</span>
</div>
<div class="test">
<a name="Create an user without username and password"></a>
<h3 class="failures">Create an user without username and password</h3>
<span class="code">
<pre>Condition not satisfied:

response.status == responseStatus
|        |      |  |
|        500    |  400
|               false
groovyx.net.http.HttpResponseDecorator@2077f5b6

	at UserTestSpec.Create an user(UserTestSpec.groovy:44)
</pre>
</span>
</div>
<div class="test">
<a name="Create multiple users valid data for all parameter"></a>
<h3 class="failures">Create multiple users valid data for all parameter</h3>
<span class="code">
<pre>groovy.lang.MissingPropertyException: No such property: Allure for class: UserTestSpec
	at UserTestSpec.Create multiple users in list(UserTestSpec.groovy:93)
</pre>
</span>
</div>
<div class="test">
<a name="Create multiple users without username and password"></a>
<h3 class="failures">Create multiple users without username and password</h3>
<span class="code">
<pre>groovy.lang.MissingPropertyException: No such property: Allure for class: UserTestSpec
	at UserTestSpec.Create multiple users in list(UserTestSpec.groovy:93)
</pre>
</span>
</div>
<div class="test">
<a name="Delete an user with an username which doesn't exist"></a>
<h3 class="failures">Delete an user with an username which doesn't exist</h3>
<span class="code">
<pre>groovy.lang.MissingPropertyException: No such property: Allure for class: UserTestSpec
	at UserTestSpec.Delete an user(UserTestSpec.groovy:210)
</pre>
</span>
</div>
<div class="test">
<a name="Delete an user with invalid username"></a>
<h3 class="failures">Delete an user with invalid username</h3>
<span class="code">
<pre>groovy.lang.MissingPropertyException: No such property: Allure for class: UserTestSpec
	at UserTestSpec.Delete an user(UserTestSpec.groovy:210)
</pre>
</span>
</div>
<div class="test">
<a name="Delete an user with valid username"></a>
<h3 class="failures">Delete an user with valid username</h3>
<span class="code">
<pre>groovy.lang.MissingPropertyException: No such property: Allure for class: UserTestSpec
	at UserTestSpec.Delete an user(UserTestSpec.groovy:210)
</pre>
</span>
</div>
<div class="test">
<a name="Get an user with an username which doesn't exist"></a>
<h3 class="failures">Get an user with an username which doesn't exist</h3>
<span class="code">
<pre>groovy.lang.MissingPropertyException: No such property: Allure for class: UserTestSpec
	at UserTestSpec.Get an user by name(UserTestSpec.groovy:185)
</pre>
</span>
</div>
<div class="test">
<a name="Get an user with invalid username"></a>
<h3 class="failures">Get an user with invalid username</h3>
<span class="code">
<pre>groovy.lang.MissingPropertyException: No such property: Allure for class: UserTestSpec
	at UserTestSpec.Get an user by name(UserTestSpec.groovy:185)
</pre>
</span>
</div>
<div class="test">
<a name="Get an user with valid username"></a>
<h3 class="failures">Get an user with valid username</h3>
<span class="code">
<pre>groovy.lang.MissingPropertyException: No such property: Allure for class: UserTestSpec
	at UserTestSpec.Get an user by name(UserTestSpec.groovy:185)
</pre>
</span>
</div>
<div class="test">
<a name="Update an user with valid data"></a>
<h3 class="failures">Update an user with valid data</h3>
<span class="code">
<pre>groovy.lang.MissingPropertyException: No such property: Allure for class: UserTestSpec
	at UserTestSpec.Update an user(UserTestSpec.groovy:135)
</pre>
</span>
</div>
<div class="test">
<a name="User login with invalid username/user doesn't exist"></a>
<h3 class="failures">User login with invalid username/user doesn't exist</h3>
<span class="code">
<pre>groovy.lang.MissingPropertyException: No such property: Allure for class: UserTestSpec
	at UserTestSpec.User login(UserTestSpec.groovy:158)
</pre>
</span>
</div>
<div class="test">
<a name="User login with valid username and invalid password"></a>
<h3 class="failures">User login with valid username and invalid password</h3>
<span class="code">
<pre>groovy.lang.MissingPropertyException: No such property: Allure for class: UserTestSpec
	at UserTestSpec.User login(UserTestSpec.groovy:158)
</pre>
</span>
</div>
<div class="test">
<a name="User login with valid username and valid password"></a>
<h3 class="failures">User login with valid username and valid password</h3>
<span class="code">
<pre>groovy.lang.MissingPropertyException: No such property: Allure for class: UserTestSpec
	at UserTestSpec.User login(UserTestSpec.groovy:158)
</pre>
</span>
</div>
<div class="test">
<a name="User login without username/password"></a>
<h3 class="failures">User login without username/password</h3>
<span class="code">
<pre>groovy.lang.MissingPropertyException: No such property: Allure for class: UserTestSpec
	at UserTestSpec.User login(UserTestSpec.groovy:158)
</pre>
</span>
</div>
</div>
<div id="tab1" class="tab">
<h2>Tests</h2>
<table>
<thead>
<tr>
<th>Test</th>
<th>Duration</th>
<th>Result</th>
</tr>
</thead>
<tr>
<td class="failures">Create an user with valid data for all parameter</td>
<td>0.161s</td>
<td class="failures">failed</td>
</tr>
<tr>
<td class="failures">Create an user without username and password</td>
<td>0.158s</td>
<td class="failures">failed</td>
</tr>
<tr>
<td class="failures">Create multiple users valid data for all parameter</td>
<td>0.172s</td>
<td class="failures">failed</td>
</tr>
<tr>
<td class="failures">Create multiple users without username and password</td>
<td>0.160s</td>
<td class="failures">failed</td>
</tr>
<tr>
<td class="failures">Delete an user with an username which doesn't exist</td>
<td>0.159s</td>
<td class="failures">failed</td>
</tr>
<tr>
<td class="failures">Delete an user with invalid username</td>
<td>0.165s</td>
<td class="failures">failed</td>
</tr>
<tr>
<td class="failures">Delete an user with valid username</td>
<td>0.165s</td>
<td class="failures">failed</td>
</tr>
<tr>
<td class="failures">Get an user with an username which doesn't exist</td>
<td>0.161s</td>
<td class="failures">failed</td>
</tr>
<tr>
<td class="failures">Get an user with invalid username</td>
<td>0.167s</td>
<td class="failures">failed</td>
</tr>
<tr>
<td class="failures">Get an user with valid username</td>
<td>0.163s</td>
<td class="failures">failed</td>
</tr>
<tr>
<td class="failures">Update an user with valid data</td>
<td>0.126s</td>
<td class="failures">failed</td>
</tr>
<tr>
<td class="failures">User login with invalid username/user doesn't exist</td>
<td>0.025s</td>
<td class="failures">failed</td>
</tr>
<tr>
<td class="failures">User login with valid username and invalid password</td>
<td>0.025s</td>
<td class="failures">failed</td>
</tr>
<tr>
<td class="failures">User login with valid username and valid password</td>
<td>0.035s</td>
<td class="failures">failed</td>
</tr>
<tr>
<td class="failures">User login without username/password</td>
<td>0.026s</td>
<td class="failures">failed</td>
</tr>
</table>
</div>
<div id="tab2" class="tab">
<h2>Standard output</h2>
<span class="code">
<pre>request: {
    &quot;id&quot;: 1001,
    &quot;username&quot;: &quot;testuserprince&quot;,
    &quot;firstName&quot;: &quot;arif&quot;,
    &quot;lastName&quot;: &quot;mahmud&quot;,
    &quot;email&quot;: &quot;arif@test.com&quot;,
    &quot;password&quot;: &quot;123456&quot;,
    &quot;phone&quot;: &quot;01210000000&quot;,
    &quot;userStatus&quot;: 1
}
error response: 500
response: {
    &quot;code&quot;: 500,
    &quot;message&quot;: &quot;There was an error processing your request. It has been logged (ID: e6ee2900f2ad56b3)&quot;
}
request: {
    &quot;id&quot;: 1002,
    &quot;username&quot;: &quot;&quot;,
    &quot;firstName&quot;: &quot;arif&quot;,
    &quot;lastName&quot;: &quot;mahmud&quot;,
    &quot;email&quot;: &quot;arif@test.com&quot;,
    &quot;password&quot;: &quot;&quot;,
    &quot;phone&quot;: &quot;01210000000&quot;,
    &quot;userStatus&quot;: 1
}
error response: 500
response: {
    &quot;code&quot;: 500,
    &quot;message&quot;: &quot;There was an error processing your request. It has been logged (ID: 273f20e01f2853f4)&quot;
}
request: [
    {
        &quot;id&quot;: 1003,
        &quot;username&quot;: &quot;jui&quot;,
        &quot;firstName&quot;: &quot;ismot&quot;,
        &quot;lastName&quot;: &quot;johora&quot;,
        &quot;email&quot;: &quot;jui@test.com&quot;,
        &quot;password&quot;: &quot;123456&quot;,
        &quot;phone&quot;: &quot;01310555555&quot;,
        &quot;userStatus&quot;: 1
    },
    {
        &quot;id&quot;: 1004,
        &quot;username&quot;: &quot;jui2&quot;,
        &quot;firstName&quot;: &quot;ismot2&quot;,
        &quot;lastName&quot;: &quot;johora2&quot;,
        &quot;email&quot;: &quot;jui@test.com&quot;,
        &quot;password&quot;: &quot;123456&quot;,
        &quot;phone&quot;: &quot;01310555555&quot;,
        &quot;userStatus&quot;: 1
    }
]
error response: 500
request: [
    {
        &quot;id&quot;: 1003,
        &quot;username&quot;: &quot;&quot;,
        &quot;firstName&quot;: &quot;ismot&quot;,
        &quot;lastName&quot;: &quot;johora&quot;,
        &quot;email&quot;: &quot;jui@test.com&quot;,
        &quot;password&quot;: &quot;&quot;,
        &quot;phone&quot;: &quot;01310555555&quot;,
        &quot;userStatus&quot;: 1
    },
    {
        &quot;id&quot;: 1004,
        &quot;username&quot;: &quot;2&quot;,
        &quot;firstName&quot;: &quot;ismot2&quot;,
        &quot;lastName&quot;: &quot;johora2&quot;,
        &quot;email&quot;: &quot;jui@test.com&quot;,
        &quot;password&quot;: &quot;&quot;,
        &quot;phone&quot;: &quot;01310555555&quot;,
        &quot;userStatus&quot;: 1
    }
]
error response: 500
request: {
    &quot;id&quot;: 100,
    &quot;username&quot;: &quot;&quot;,
    &quot;firstName&quot;: &quot;Arif&quot;,
    &quot;lastName&quot;: 1,
    &quot;email&quot;: &quot;&quot;,
    &quot;password&quot;: &quot;&quot;,
    &quot;phone&quot;: 1,
    &quot;userStatus&quot;: &quot;&quot;
}
error response: 405
error response: 200
error response: 200
error response: 200
error response: 200
/api/v3/user/jui
error response: 500
/api/v3/user/12345
error response: 500
/api/v3/user/notexistusername
error response: 500
error response: 500
error response: 500
error response: 500
</pre>
</span>
</div>
<div id="tab3" class="tab">
<h2>Standard error</h2>
<span class="code">
<pre>Mar 01, 2021 1:21:37 PM groovyx.net.http.HTTPBuilder$1 handleResponse
WARNING: Error parsing 'application/json' response
groovy.json.JsonException: Unable to determine the current character, it is not a string, number, array, or object

The current character read is 'L' with an int value of 76
Unable to determine the current character, it is not a string, number, array, or object
line number 1
index number 0
Logged in user session: 1151121339860880384?????????????????????????????????????????????????????????????????????????????????????????????????????????????????????????????????????????????????????????????????????????????????????????????????????????????????????
^
	at groovy.json.internal.JsonParserCharArray.decodeValueInternal(JsonParserCharArray.java:206)
	at groovy.json.internal.JsonParserCharArray.decodeValue(JsonParserCharArray.java:157)
	at groovy.json.internal.JsonParserCharArray.decodeFromChars(JsonParserCharArray.java:46)
	at groovy.json.internal.JsonParserCharArray.parse(JsonParserCharArray.java:384)
	at groovy.json.internal.BaseJsonParser.parse(BaseJsonParser.java:128)
	at groovy.json.JsonSlurper.parse(JsonSlurper.java:221)
	at groovyx.net.http.ParserRegistry.parseJSON(ParserRegistry.java:280)
	at sun.reflect.GeneratedMethodAccessor11.invoke(Unknown Source)
	at sun.reflect.DelegatingMethodAccessorImpl.invoke(DelegatingMethodAccessorImpl.java:43)
	at java.lang.reflect.Method.invoke(Method.java:498)
	at org.codehaus.groovy.reflection.CachedMethod.invoke(CachedMethod.java:93)
	at groovy.lang.MetaMethod.doMethodInvoke(MetaMethod.java:325)
	at groovy.lang.MetaClassImpl.invokeMethod(MetaClassImpl.java:1218)
	at groovy.lang.MetaClassImpl.invokeMethod(MetaClassImpl.java:1085)
	at groovy.lang.MetaClassImpl.invokeMethod(MetaClassImpl.java:1027)
	at groovy.lang.Closure.call(Closure.java:414)
	at groovy.lang.Closure.call(Closure.java:430)
	at groovyx.net.http.HTTPBuilder.parseResponse(HTTPBuilder.java:551)
	at groovyx.net.http.HTTPBuilder$1.handleResponse(HTTPBuilder.java:480)
	at org.apache.http.impl.client.AbstractHttpClient.execute(AbstractHttpClient.java:1070)
	at org.apache.http.impl.client.AbstractHttpClient.execute(AbstractHttpClient.java:1044)
	at groovyx.net.http.HTTPBuilder.doRequest(HTTPBuilder.java:506)
	at groovyx.net.http.RESTClient.get(RESTClient.java:119)
	at groovyx.net.http.RESTClient$get$1.call(Unknown Source)
	at org.codehaus.groovy.runtime.callsite.CallSiteArray.defaultCall(CallSiteArray.java:48)
	at org.codehaus.groovy.runtime.callsite.AbstractCallSite.call(AbstractCallSite.java:113)
	at org.codehaus.groovy.runtime.callsite.AbstractCallSite.call(AbstractCallSite.java:125)
	at UserTestSpec.$spock_feature_0_3(UserTestSpec.groovy:152)
	at sun.reflect.NativeMethodAccessorImpl.invoke0(Native Method)
	at sun.reflect.NativeMethodAccessorImpl.invoke(NativeMethodAccessorImpl.java:62)
	at sun.reflect.DelegatingMethodAccessorImpl.invoke(DelegatingMethodAccessorImpl.java:43)
	at java.lang.reflect.Method.invoke(Method.java:498)
	at org.spockframework.util.ReflectionUtil.invokeMethod(ReflectionUtil.java:188)
	at org.spockframework.runtime.model.MethodInfo.invoke(MethodInfo.java:84)
	at org.spockframework.runtime.BaseSpecRunner.invokeRaw(BaseSpecRunner.java:481)
	at org.spockframework.runtime.BaseSpecRunner.invoke(BaseSpecRunner.java:464)
	at org.spockframework.runtime.BaseSpecRunner.runFeatureMethod(BaseSpecRunner.java:406)
	at org.spockframework.runtime.BaseSpecRunner.doRunIteration(BaseSpecRunner.java:324)
	at org.spockframework.runtime.BaseSpecRunner$6.invoke(BaseSpecRunner.java:309)
	at org.spockframework.runtime.BaseSpecRunner.invokeRaw(BaseSpecRunner.java:481)
	at org.spockframework.runtime.BaseSpecRunner.invoke(BaseSpecRunner.java:464)
	at org.spockframework.runtime.BaseSpecRunner.runIteration(BaseSpecRunner.java:288)
	at org.spockframework.runtime.BaseSpecRunner.initializeAndRunIteration(BaseSpecRunner.java:278)
	at org.spockframework.runtime.ParameterizedSpecRunner.runIterations(ParameterizedSpecRunner.java:139)
	at org.spockframework.runtime.ParameterizedSpecRunner.runParameterizedFeature(ParameterizedSpecRunner.java:41)
	at org.spockframework.runtime.BaseSpecRunner.doRunFeature(BaseSpecRunner.java:262)
	at org.spockframework.runtime.BaseSpecRunner$5.invoke(BaseSpecRunner.java:246)
	at org.spockframework.runtime.BaseSpecRunner.invokeRaw(BaseSpecRunner.java:481)
	at org.spockframework.runtime.BaseSpecRunner.invoke(BaseSpecRunner.java:464)
	at org.spockframework.runtime.BaseSpecRunner.runFeature(BaseSpecRunner.java:238)
	at org.spockframework.runtime.BaseSpecRunner.runFeatures(BaseSpecRunner.java:188)
	at org.spockframework.runtime.BaseSpecRunner.doRunSpec(BaseSpecRunner.java:98)
	at org.spockframework.runtime.BaseSpecRunner$1.invoke(BaseSpecRunner.java:84)
	at org.spockframework.runtime.BaseSpecRunner.invokeRaw(BaseSpecRunner.java:481)
	at org.spockframework.runtime.BaseSpecRunner.invoke(BaseSpecRunner.java:464)
	at org.spockframework.runtime.BaseSpecRunner.runSpec(BaseSpecRunner.java:76)
	at org.spockframework.runtime.BaseSpecRunner.run(BaseSpecRunner.java:67)
	at org.spockframework.runtime.Sputnik.run(Sputnik.java:63)
	at org.gradle.api.internal.tasks.testing.junit.JUnitTestClassExecuter.runTestClass(JUnitTestClassExecuter.java:114)
	at org.gradle.api.internal.tasks.testing.junit.JUnitTestClassExecuter.execute(JUnitTestClassExecuter.java:57)
	at org.gradle.api.internal.tasks.testing.junit.JUnitTestClassProcessor.processTestClass(JUnitTestClassProcessor.java:66)
	at org.gradle.api.internal.tasks.testing.SuiteTestClassProcessor.processTestClass(SuiteTestClassProcessor.java:51)
	at sun.reflect.NativeMethodAccessorImpl.invoke0(Native Method)
	at sun.reflect.NativeMethodAccessorImpl.invoke(NativeMethodAccessorImpl.java:62)
	at sun.reflect.DelegatingMethodAccessorImpl.invoke(DelegatingMethodAccessorImpl.java:43)
	at java.lang.reflect.Method.invoke(Method.java:498)
	at org.gradle.internal.dispatch.ReflectionDispatch.dispatch(ReflectionDispatch.java:35)
	at org.gradle.internal.dispatch.ReflectionDispatch.dispatch(ReflectionDispatch.java:24)
	at org.gradle.internal.dispatch.ContextClassLoaderDispatch.dispatch(ContextClassLoaderDispatch.java:32)
	at org.gradle.internal.dispatch.ProxyDispatchAdapter$DispatchingInvocationHandler.invoke(ProxyDispatchAdapter.java:93)
	at com.sun.proxy.$Proxy1.processTestClass(Unknown Source)
	at org.gradle.api.internal.tasks.testing.worker.TestWorker.processTestClass(TestWorker.java:109)
	at sun.reflect.NativeMethodAccessorImpl.invoke0(Native Method)
	at sun.reflect.NativeMethodAccessorImpl.invoke(NativeMethodAccessorImpl.java:62)
	at sun.reflect.DelegatingMethodAccessorImpl.invoke(DelegatingMethodAccessorImpl.java:43)
	at java.lang.reflect.Method.invoke(Method.java:498)
	at org.gradle.internal.dispatch.ReflectionDispatch.dispatch(ReflectionDispatch.java:35)
	at org.gradle.internal.dispatch.ReflectionDispatch.dispatch(ReflectionDispatch.java:24)
	at org.gradle.internal.remote.internal.hub.MessageHubBackedObjectConnection$DispatchWrapper.dispatch(MessageHubBackedObjectConnection.java:146)
	at org.gradle.internal.remote.internal.hub.MessageHubBackedObjectConnection$DispatchWrapper.dispatch(MessageHubBackedObjectConnection.java:128)
	at org.gradle.internal.remote.internal.hub.MessageHub$Handler.run(MessageHub.java:404)
	at org.gradle.internal.concurrent.ExecutorPolicy$CatchAndRecordFailures.onExecute(ExecutorPolicy.java:63)
	at org.gradle.internal.concurrent.StoppableExecutorImpl$1.run(StoppableExecutorImpl.java:46)
	at java.util.concurrent.ThreadPoolExecutor.runWorker(ThreadPoolExecutor.java:1149)
	at java.util.concurrent.ThreadPoolExecutor$Worker.run(ThreadPoolExecutor.java:624)
	at org.gradle.internal.concurrent.ThreadFactoryImpl$ManagedThreadRunnable.run(ThreadFactoryImpl.java:55)
	at java.lang.Thread.run(Thread.java:748)

Mar 01, 2021 1:21:37 PM groovyx.net.http.HTTPBuilder$1 handleResponse
WARNING: Error parsing 'application/json' response
groovy.json.JsonException: Unable to determine the current character, it is not a string, number, array, or object

The current character read is 'L' with an int value of 76
Unable to determine the current character, it is not a string, number, array, or object
line number 1
index number 0
Logged in user session: 6568260454131803136?????????????????????????????????????????????????????????????????????????????????????????????????????????????????????????????????????????????????????????????????????????????????????????????????????????????????????
^
	at groovy.json.internal.JsonParserCharArray.decodeValueInternal(JsonParserCharArray.java:206)
	at groovy.json.internal.JsonParserCharArray.decodeValue(JsonParserCharArray.java:157)
	at groovy.json.internal.JsonParserCharArray.decodeFromChars(JsonParserCharArray.java:46)
	at groovy.json.internal.JsonParserCharArray.parse(JsonParserCharArray.java:384)
	at groovy.json.internal.BaseJsonParser.parse(BaseJsonParser.java:128)
	at groovy.json.JsonSlurper.parse(JsonSlurper.java:221)
	at groovyx.net.http.ParserRegistry.parseJSON(ParserRegistry.java:280)
	at sun.reflect.GeneratedMethodAccessor11.invoke(Unknown Source)
	at sun.reflect.DelegatingMethodAccessorImpl.invoke(DelegatingMethodAccessorImpl.java:43)
	at java.lang.reflect.Method.invoke(Method.java:498)
	at org.codehaus.groovy.reflection.CachedMethod.invoke(CachedMethod.java:93)
	at groovy.lang.MetaMethod.doMethodInvoke(MetaMethod.java:325)
	at groovy.lang.MetaClassImpl.invokeMethod(MetaClassImpl.java:1218)
	at groovy.lang.MetaClassImpl.invokeMethod(MetaClassImpl.java:1085)
	at groovy.lang.MetaClassImpl.invokeMethod(MetaClassImpl.java:1027)
	at groovy.lang.Closure.call(Closure.java:414)
	at groovy.lang.Closure.call(Closure.java:430)
	at groovyx.net.http.HTTPBuilder.parseResponse(HTTPBuilder.java:551)
	at groovyx.net.http.HTTPBuilder$1.handleResponse(HTTPBuilder.java:480)
	at org.apache.http.impl.client.AbstractHttpClient.execute(AbstractHttpClient.java:1070)
	at org.apache.http.impl.client.AbstractHttpClient.execute(AbstractHttpClient.java:1044)
	at groovyx.net.http.HTTPBuilder.doRequest(HTTPBuilder.java:506)
	at groovyx.net.http.RESTClient.get(RESTClient.java:119)
	at groovyx.net.http.RESTClient$get$1.call(Unknown Source)
	at UserTestSpec.$spock_feature_0_3(UserTestSpec.groovy:152)
	at sun.reflect.NativeMethodAccessorImpl.invoke0(Native Method)
	at sun.reflect.NativeMethodAccessorImpl.invoke(NativeMethodAccessorImpl.java:62)
	at sun.reflect.DelegatingMethodAccessorImpl.invoke(DelegatingMethodAccessorImpl.java:43)
	at java.lang.reflect.Method.invoke(Method.java:498)
	at org.spockframework.util.ReflectionUtil.invokeMethod(ReflectionUtil.java:188)
	at org.spockframework.runtime.model.MethodInfo.invoke(MethodInfo.java:84)
	at org.spockframework.runtime.BaseSpecRunner.invokeRaw(BaseSpecRunner.java:481)
	at org.spockframework.runtime.BaseSpecRunner.invoke(BaseSpecRunner.java:464)
	at org.spockframework.runtime.BaseSpecRunner.runFeatureMethod(BaseSpecRunner.java:406)
	at org.spockframework.runtime.BaseSpecRunner.doRunIteration(BaseSpecRunner.java:324)
	at org.spockframework.runtime.BaseSpecRunner$6.invoke(BaseSpecRunner.java:309)
	at org.spockframework.runtime.BaseSpecRunner.invokeRaw(BaseSpecRunner.java:481)
	at org.spockframework.runtime.BaseSpecRunner.invoke(BaseSpecRunner.java:464)
	at org.spockframework.runtime.BaseSpecRunner.runIteration(BaseSpecRunner.java:288)
	at org.spockframework.runtime.BaseSpecRunner.initializeAndRunIteration(BaseSpecRunner.java:278)
	at org.spockframework.runtime.ParameterizedSpecRunner.runIterations(ParameterizedSpecRunner.java:139)
	at org.spockframework.runtime.ParameterizedSpecRunner.runParameterizedFeature(ParameterizedSpecRunner.java:41)
	at org.spockframework.runtime.BaseSpecRunner.doRunFeature(BaseSpecRunner.java:262)
	at org.spockframework.runtime.BaseSpecRunner$5.invoke(BaseSpecRunner.java:246)
	at org.spockframework.runtime.BaseSpecRunner.invokeRaw(BaseSpecRunner.java:481)
	at org.spockframework.runtime.BaseSpecRunner.invoke(BaseSpecRunner.java:464)
	at org.spockframework.runtime.BaseSpecRunner.runFeature(BaseSpecRunner.java:238)
	at org.spockframework.runtime.BaseSpecRunner.runFeatures(BaseSpecRunner.java:188)
	at org.spockframework.runtime.BaseSpecRunner.doRunSpec(BaseSpecRunner.java:98)
	at org.spockframework.runtime.BaseSpecRunner$1.invoke(BaseSpecRunner.java:84)
	at org.spockframework.runtime.BaseSpecRunner.invokeRaw(BaseSpecRunner.java:481)
	at org.spockframework.runtime.BaseSpecRunner.invoke(BaseSpecRunner.java:464)
	at org.spockframework.runtime.BaseSpecRunner.runSpec(BaseSpecRunner.java:76)
	at org.spockframework.runtime.BaseSpecRunner.run(BaseSpecRunner.java:67)
	at org.spockframework.runtime.Sputnik.run(Sputnik.java:63)
	at org.gradle.api.internal.tasks.testing.junit.JUnitTestClassExecuter.runTestClass(JUnitTestClassExecuter.java:114)
	at org.gradle.api.internal.tasks.testing.junit.JUnitTestClassExecuter.execute(JUnitTestClassExecuter.java:57)
	at org.gradle.api.internal.tasks.testing.junit.JUnitTestClassProcessor.processTestClass(JUnitTestClassProcessor.java:66)
	at org.gradle.api.internal.tasks.testing.SuiteTestClassProcessor.processTestClass(SuiteTestClassProcessor.java:51)
	at sun.reflect.NativeMethodAccessorImpl.invoke0(Native Method)
	at sun.reflect.NativeMethodAccessorImpl.invoke(NativeMethodAccessorImpl.java:62)
	at sun.reflect.DelegatingMethodAccessorImpl.invoke(DelegatingMethodAccessorImpl.java:43)
	at java.lang.reflect.Method.invoke(Method.java:498)
	at org.gradle.internal.dispatch.ReflectionDispatch.dispatch(ReflectionDispatch.java:35)
	at org.gradle.internal.dispatch.ReflectionDispatch.dispatch(ReflectionDispatch.java:24)
	at org.gradle.internal.dispatch.ContextClassLoaderDispatch.dispatch(ContextClassLoaderDispatch.java:32)
	at org.gradle.internal.dispatch.ProxyDispatchAdapter$DispatchingInvocationHandler.invoke(ProxyDispatchAdapter.java:93)
	at com.sun.proxy.$Proxy1.processTestClass(Unknown Source)
	at org.gradle.api.internal.tasks.testing.worker.TestWorker.processTestClass(TestWorker.java:109)
	at sun.reflect.NativeMethodAccessorImpl.invoke0(Native Method)
	at sun.reflect.NativeMethodAccessorImpl.invoke(NativeMethodAccessorImpl.java:62)
	at sun.reflect.DelegatingMethodAccessorImpl.invoke(DelegatingMethodAccessorImpl.java:43)
	at java.lang.reflect.Method.invoke(Method.java:498)
	at org.gradle.internal.dispatch.ReflectionDispatch.dispatch(ReflectionDispatch.java:35)
	at org.gradle.internal.dispatch.ReflectionDispatch.dispatch(ReflectionDispatch.java:24)
	at org.gradle.internal.remote.internal.hub.MessageHubBackedObjectConnection$DispatchWrapper.dispatch(MessageHubBackedObjectConnection.java:146)
	at org.gradle.internal.remote.internal.hub.MessageHubBackedObjectConnection$DispatchWrapper.dispatch(MessageHubBackedObjectConnection.java:128)
	at org.gradle.internal.remote.internal.hub.MessageHub$Handler.run(MessageHub.java:404)
	at org.gradle.internal.concurrent.ExecutorPolicy$CatchAndRecordFailures.onExecute(ExecutorPolicy.java:63)
	at org.gradle.internal.concurrent.StoppableExecutorImpl$1.run(StoppableExecutorImpl.java:46)
	at java.util.concurrent.ThreadPoolExecutor.runWorker(ThreadPoolExecutor.java:1149)
	at java.util.concurrent.ThreadPoolExecutor$Worker.run(ThreadPoolExecutor.java:624)
	at org.gradle.internal.concurrent.ThreadFactoryImpl$ManagedThreadRunnable.run(ThreadFactoryImpl.java:55)
	at java.lang.Thread.run(Thread.java:748)

Mar 01, 2021 1:21:37 PM groovyx.net.http.HTTPBuilder$1 handleResponse
WARNING: Error parsing 'application/json' response
groovy.json.JsonException: Unable to determine the current character, it is not a string, number, array, or object

The current character read is 'L' with an int value of 76
Unable to determine the current character, it is not a string, number, array, or object
line number 1
index number 0
Logged in user session: 748555324899127296??????????????????????????????????????????????????????????????????????????????????????????????????????????????????????????????????????????????????????????????????????????????????????????????????????????????????????
^
	at groovy.json.internal.JsonParserCharArray.decodeValueInternal(JsonParserCharArray.java:206)
	at groovy.json.internal.JsonParserCharArray.decodeValue(JsonParserCharArray.java:157)
	at groovy.json.internal.JsonParserCharArray.decodeFromChars(JsonParserCharArray.java:46)
	at groovy.json.internal.JsonParserCharArray.parse(JsonParserCharArray.java:384)
	at groovy.json.internal.BaseJsonParser.parse(BaseJsonParser.java:128)
	at groovy.json.JsonSlurper.parse(JsonSlurper.java:221)
	at groovyx.net.http.ParserRegistry.parseJSON(ParserRegistry.java:280)
	at sun.reflect.GeneratedMethodAccessor11.invoke(Unknown Source)
	at sun.reflect.DelegatingMethodAccessorImpl.invoke(DelegatingMethodAccessorImpl.java:43)
	at java.lang.reflect.Method.invoke(Method.java:498)
	at org.codehaus.groovy.reflection.CachedMethod.invoke(CachedMethod.java:93)
	at groovy.lang.MetaMethod.doMethodInvoke(MetaMethod.java:325)
	at groovy.lang.MetaClassImpl.invokeMethod(MetaClassImpl.java:1218)
	at groovy.lang.MetaClassImpl.invokeMethod(MetaClassImpl.java:1085)
	at groovy.lang.MetaClassImpl.invokeMethod(MetaClassImpl.java:1027)
	at groovy.lang.Closure.call(Closure.java:414)
	at groovy.lang.Closure.call(Closure.java:430)
	at groovyx.net.http.HTTPBuilder.parseResponse(HTTPBuilder.java:551)
	at groovyx.net.http.HTTPBuilder$1.handleResponse(HTTPBuilder.java:480)
	at org.apache.http.impl.client.AbstractHttpClient.execute(AbstractHttpClient.java:1070)
	at org.apache.http.impl.client.AbstractHttpClient.execute(AbstractHttpClient.java:1044)
	at groovyx.net.http.HTTPBuilder.doRequest(HTTPBuilder.java:506)
	at groovyx.net.http.RESTClient.get(RESTClient.java:119)
	at groovyx.net.http.RESTClient$get$1.call(Unknown Source)
	at UserTestSpec.$spock_feature_0_3(UserTestSpec.groovy:152)
	at sun.reflect.NativeMethodAccessorImpl.invoke0(Native Method)
	at sun.reflect.NativeMethodAccessorImpl.invoke(NativeMethodAccessorImpl.java:62)
	at sun.reflect.DelegatingMethodAccessorImpl.invoke(DelegatingMethodAccessorImpl.java:43)
	at java.lang.reflect.Method.invoke(Method.java:498)
	at org.spockframework.util.ReflectionUtil.invokeMethod(ReflectionUtil.java:188)
	at org.spockframework.runtime.model.MethodInfo.invoke(MethodInfo.java:84)
	at org.spockframework.runtime.BaseSpecRunner.invokeRaw(BaseSpecRunner.java:481)
	at org.spockframework.runtime.BaseSpecRunner.invoke(BaseSpecRunner.java:464)
	at org.spockframework.runtime.BaseSpecRunner.runFeatureMethod(BaseSpecRunner.java:406)
	at org.spockframework.runtime.BaseSpecRunner.doRunIteration(BaseSpecRunner.java:324)
	at org.spockframework.runtime.BaseSpecRunner$6.invoke(BaseSpecRunner.java:309)
	at org.spockframework.runtime.BaseSpecRunner.invokeRaw(BaseSpecRunner.java:481)
	at org.spockframework.runtime.BaseSpecRunner.invoke(BaseSpecRunner.java:464)
	at org.spockframework.runtime.BaseSpecRunner.runIteration(BaseSpecRunner.java:288)
	at org.spockframework.runtime.BaseSpecRunner.initializeAndRunIteration(BaseSpecRunner.java:278)
	at org.spockframework.runtime.ParameterizedSpecRunner.runIterations(ParameterizedSpecRunner.java:139)
	at org.spockframework.runtime.ParameterizedSpecRunner.runParameterizedFeature(ParameterizedSpecRunner.java:41)
	at org.spockframework.runtime.BaseSpecRunner.doRunFeature(BaseSpecRunner.java:262)
	at org.spockframework.runtime.BaseSpecRunner$5.invoke(BaseSpecRunner.java:246)
	at org.spockframework.runtime.BaseSpecRunner.invokeRaw(BaseSpecRunner.java:481)
	at org.spockframework.runtime.BaseSpecRunner.invoke(BaseSpecRunner.java:464)
	at org.spockframework.runtime.BaseSpecRunner.runFeature(BaseSpecRunner.java:238)
	at org.spockframework.runtime.BaseSpecRunner.runFeatures(BaseSpecRunner.java:188)
	at org.spockframework.runtime.BaseSpecRunner.doRunSpec(BaseSpecRunner.java:98)
	at org.spockframework.runtime.BaseSpecRunner$1.invoke(BaseSpecRunner.java:84)
	at org.spockframework.runtime.BaseSpecRunner.invokeRaw(BaseSpecRunner.java:481)
	at org.spockframework.runtime.BaseSpecRunner.invoke(BaseSpecRunner.java:464)
	at org.spockframework.runtime.BaseSpecRunner.runSpec(BaseSpecRunner.java:76)
	at org.spockframework.runtime.BaseSpecRunner.run(BaseSpecRunner.java:67)
	at org.spockframework.runtime.Sputnik.run(Sputnik.java:63)
	at org.gradle.api.internal.tasks.testing.junit.JUnitTestClassExecuter.runTestClass(JUnitTestClassExecuter.java:114)
	at org.gradle.api.internal.tasks.testing.junit.JUnitTestClassExecuter.execute(JUnitTestClassExecuter.java:57)
	at org.gradle.api.internal.tasks.testing.junit.JUnitTestClassProcessor.processTestClass(JUnitTestClassProcessor.java:66)
	at org.gradle.api.internal.tasks.testing.SuiteTestClassProcessor.processTestClass(SuiteTestClassProcessor.java:51)
	at sun.reflect.NativeMethodAccessorImpl.invoke0(Native Method)
	at sun.reflect.NativeMethodAccessorImpl.invoke(NativeMethodAccessorImpl.java:62)
	at sun.reflect.DelegatingMethodAccessorImpl.invoke(DelegatingMethodAccessorImpl.java:43)
	at java.lang.reflect.Method.invoke(Method.java:498)
	at org.gradle.internal.dispatch.ReflectionDispatch.dispatch(ReflectionDispatch.java:35)
	at org.gradle.internal.dispatch.ReflectionDispatch.dispatch(ReflectionDispatch.java:24)
	at org.gradle.internal.dispatch.ContextClassLoaderDispatch.dispatch(ContextClassLoaderDispatch.java:32)
	at org.gradle.internal.dispatch.ProxyDispatchAdapter$DispatchingInvocationHandler.invoke(ProxyDispatchAdapter.java:93)
	at com.sun.proxy.$Proxy1.processTestClass(Unknown Source)
	at org.gradle.api.internal.tasks.testing.worker.TestWorker.processTestClass(TestWorker.java:109)
	at sun.reflect.NativeMethodAccessorImpl.invoke0(Native Method)
	at sun.reflect.NativeMethodAccessorImpl.invoke(NativeMethodAccessorImpl.java:62)
	at sun.reflect.DelegatingMethodAccessorImpl.invoke(DelegatingMethodAccessorImpl.java:43)
	at java.lang.reflect.Method.invoke(Method.java:498)
	at org.gradle.internal.dispatch.ReflectionDispatch.dispatch(ReflectionDispatch.java:35)
	at org.gradle.internal.dispatch.ReflectionDispatch.dispatch(ReflectionDispatch.java:24)
	at org.gradle.internal.remote.internal.hub.MessageHubBackedObjectConnection$DispatchWrapper.dispatch(MessageHubBackedObjectConnection.java:146)
	at org.gradle.internal.remote.internal.hub.MessageHubBackedObjectConnection$DispatchWrapper.dispatch(MessageHubBackedObjectConnection.java:128)
	at org.gradle.internal.remote.internal.hub.MessageHub$Handler.run(MessageHub.java:404)
	at org.gradle.internal.concurrent.ExecutorPolicy$CatchAndRecordFailures.onExecute(ExecutorPolicy.java:63)
	at org.gradle.internal.concurrent.StoppableExecutorImpl$1.run(StoppableExecutorImpl.java:46)
	at java.util.concurrent.ThreadPoolExecutor.runWorker(ThreadPoolExecutor.java:1149)
	at java.util.concurrent.ThreadPoolExecutor$Worker.run(ThreadPoolExecutor.java:624)
	at org.gradle.internal.concurrent.ThreadFactoryImpl$ManagedThreadRunnable.run(ThreadFactoryImpl.java:55)
	at java.lang.Thread.run(Thread.java:748)

Mar 01, 2021 1:21:37 PM groovyx.net.http.HTTPBuilder$1 handleResponse
WARNING: Error parsing 'application/json' response
groovy.json.JsonException: Unable to determine the current character, it is not a string, number, array, or object

The current character read is 'L' with an int value of 76
Unable to determine the current character, it is not a string, number, array, or object
line number 1
index number 0
Logged in user session: 1757540092216142848?????????????????????????????????????????????????????????????????????????????????????????????????????????????????????????????????????????????????????????????????????????????????????????????????????????????????????
^
	at groovy.json.internal.JsonParserCharArray.decodeValueInternal(JsonParserCharArray.java:206)
	at groovy.json.internal.JsonParserCharArray.decodeValue(JsonParserCharArray.java:157)
	at groovy.json.internal.JsonParserCharArray.decodeFromChars(JsonParserCharArray.java:46)
	at groovy.json.internal.JsonParserCharArray.parse(JsonParserCharArray.java:384)
	at groovy.json.internal.BaseJsonParser.parse(BaseJsonParser.java:128)
	at groovy.json.JsonSlurper.parse(JsonSlurper.java:221)
	at groovyx.net.http.ParserRegistry.parseJSON(ParserRegistry.java:280)
	at sun.reflect.GeneratedMethodAccessor11.invoke(Unknown Source)
	at sun.reflect.DelegatingMethodAccessorImpl.invoke(DelegatingMethodAccessorImpl.java:43)
	at java.lang.reflect.Method.invoke(Method.java:498)
	at org.codehaus.groovy.reflection.CachedMethod.invoke(CachedMethod.java:93)
	at groovy.lang.MetaMethod.doMethodInvoke(MetaMethod.java:325)
	at groovy.lang.MetaClassImpl.invokeMethod(MetaClassImpl.java:1218)
	at groovy.lang.MetaClassImpl.invokeMethod(MetaClassImpl.java:1085)
	at groovy.lang.MetaClassImpl.invokeMethod(MetaClassImpl.java:1027)
	at groovy.lang.Closure.call(Closure.java:414)
	at groovy.lang.Closure.call(Closure.java:430)
	at groovyx.net.http.HTTPBuilder.parseResponse(HTTPBuilder.java:551)
	at groovyx.net.http.HTTPBuilder$1.handleResponse(HTTPBuilder.java:480)
	at org.apache.http.impl.client.AbstractHttpClient.execute(AbstractHttpClient.java:1070)
	at org.apache.http.impl.client.AbstractHttpClient.execute(AbstractHttpClient.java:1044)
	at groovyx.net.http.HTTPBuilder.doRequest(HTTPBuilder.java:506)
	at groovyx.net.http.RESTClient.get(RESTClient.java:119)
	at groovyx.net.http.RESTClient$get$1.call(Unknown Source)
	at UserTestSpec.$spock_feature_0_3(UserTestSpec.groovy:152)
	at sun.reflect.NativeMethodAccessorImpl.invoke0(Native Method)
	at sun.reflect.NativeMethodAccessorImpl.invoke(NativeMethodAccessorImpl.java:62)
	at sun.reflect.DelegatingMethodAccessorImpl.invoke(DelegatingMethodAccessorImpl.java:43)
	at java.lang.reflect.Method.invoke(Method.java:498)
	at org.spockframework.util.ReflectionUtil.invokeMethod(ReflectionUtil.java:188)
	at org.spockframework.runtime.model.MethodInfo.invoke(MethodInfo.java:84)
	at org.spockframework.runtime.BaseSpecRunner.invokeRaw(BaseSpecRunner.java:481)
	at org.spockframework.runtime.BaseSpecRunner.invoke(BaseSpecRunner.java:464)
	at org.spockframework.runtime.BaseSpecRunner.runFeatureMethod(BaseSpecRunner.java:406)
	at org.spockframework.runtime.BaseSpecRunner.doRunIteration(BaseSpecRunner.java:324)
	at org.spockframework.runtime.BaseSpecRunner$6.invoke(BaseSpecRunner.java:309)
	at org.spockframework.runtime.BaseSpecRunner.invokeRaw(BaseSpecRunner.java:481)
	at org.spockframework.runtime.BaseSpecRunner.invoke(BaseSpecRunner.java:464)
	at org.spockframework.runtime.BaseSpecRunner.runIteration(BaseSpecRunner.java:288)
	at org.spockframework.runtime.BaseSpecRunner.initializeAndRunIteration(BaseSpecRunner.java:278)
	at org.spockframework.runtime.ParameterizedSpecRunner.runIterations(ParameterizedSpecRunner.java:139)
	at org.spockframework.runtime.ParameterizedSpecRunner.runParameterizedFeature(ParameterizedSpecRunner.java:41)
	at org.spockframework.runtime.BaseSpecRunner.doRunFeature(BaseSpecRunner.java:262)
	at org.spockframework.runtime.BaseSpecRunner$5.invoke(BaseSpecRunner.java:246)
	at org.spockframework.runtime.BaseSpecRunner.invokeRaw(BaseSpecRunner.java:481)
	at org.spockframework.runtime.BaseSpecRunner.invoke(BaseSpecRunner.java:464)
	at org.spockframework.runtime.BaseSpecRunner.runFeature(BaseSpecRunner.java:238)
	at org.spockframework.runtime.BaseSpecRunner.runFeatures(BaseSpecRunner.java:188)
	at org.spockframework.runtime.BaseSpecRunner.doRunSpec(BaseSpecRunner.java:98)
	at org.spockframework.runtime.BaseSpecRunner$1.invoke(BaseSpecRunner.java:84)
	at org.spockframework.runtime.BaseSpecRunner.invokeRaw(BaseSpecRunner.java:481)
	at org.spockframework.runtime.BaseSpecRunner.invoke(BaseSpecRunner.java:464)
	at org.spockframework.runtime.BaseSpecRunner.runSpec(BaseSpecRunner.java:76)
	at org.spockframework.runtime.BaseSpecRunner.run(BaseSpecRunner.java:67)
	at org.spockframework.runtime.Sputnik.run(Sputnik.java:63)
	at org.gradle.api.internal.tasks.testing.junit.JUnitTestClassExecuter.runTestClass(JUnitTestClassExecuter.java:114)
	at org.gradle.api.internal.tasks.testing.junit.JUnitTestClassExecuter.execute(JUnitTestClassExecuter.java:57)
	at org.gradle.api.internal.tasks.testing.junit.JUnitTestClassProcessor.processTestClass(JUnitTestClassProcessor.java:66)
	at org.gradle.api.internal.tasks.testing.SuiteTestClassProcessor.processTestClass(SuiteTestClassProcessor.java:51)
	at sun.reflect.NativeMethodAccessorImpl.invoke0(Native Method)
	at sun.reflect.NativeMethodAccessorImpl.invoke(NativeMethodAccessorImpl.java:62)
	at sun.reflect.DelegatingMethodAccessorImpl.invoke(DelegatingMethodAccessorImpl.java:43)
	at java.lang.reflect.Method.invoke(Method.java:498)
	at org.gradle.internal.dispatch.ReflectionDispatch.dispatch(ReflectionDispatch.java:35)
	at org.gradle.internal.dispatch.ReflectionDispatch.dispatch(ReflectionDispatch.java:24)
	at org.gradle.internal.dispatch.ContextClassLoaderDispatch.dispatch(ContextClassLoaderDispatch.java:32)
	at org.gradle.internal.dispatch.ProxyDispatchAdapter$DispatchingInvocationHandler.invoke(ProxyDispatchAdapter.java:93)
	at com.sun.proxy.$Proxy1.processTestClass(Unknown Source)
	at org.gradle.api.internal.tasks.testing.worker.TestWorker.processTestClass(TestWorker.java:109)
	at sun.reflect.NativeMethodAccessorImpl.invoke0(Native Method)
	at sun.reflect.NativeMethodAccessorImpl.invoke(NativeMethodAccessorImpl.java:62)
	at sun.reflect.DelegatingMethodAccessorImpl.invoke(DelegatingMethodAccessorImpl.java:43)
	at java.lang.reflect.Method.invoke(Method.java:498)
	at org.gradle.internal.dispatch.ReflectionDispatch.dispatch(ReflectionDispatch.java:35)
	at org.gradle.internal.dispatch.ReflectionDispatch.dispatch(ReflectionDispatch.java:24)
	at org.gradle.internal.remote.internal.hub.MessageHubBackedObjectConnection$DispatchWrapper.dispatch(MessageHubBackedObjectConnection.java:146)
	at org.gradle.internal.remote.internal.hub.MessageHubBackedObjectConnection$DispatchWrapper.dispatch(MessageHubBackedObjectConnection.java:128)
	at org.gradle.internal.remote.internal.hub.MessageHub$Handler.run(MessageHub.java:404)
	at org.gradle.internal.concurrent.ExecutorPolicy$CatchAndRecordFailures.onExecute(ExecutorPolicy.java:63)
	at org.gradle.internal.concurrent.StoppableExecutorImpl$1.run(StoppableExecutorImpl.java:46)
	at java.util.concurrent.ThreadPoolExecutor.runWorker(ThreadPoolExecutor.java:1149)
	at java.util.concurrent.ThreadPoolExecutor$Worker.run(ThreadPoolExecutor.java:624)
	at org.gradle.internal.concurrent.ThreadFactoryImpl$ManagedThreadRunnable.run(ThreadFactoryImpl.java:55)
	at java.lang.Thread.run(Thread.java:748)

</pre>
</span>
</div>
</div>
<div id="footer">
<p>
<div>
<label class="hidden" id="label-for-line-wrapping-toggle" for="line-wrapping-toggle">Wrap lines
<input id="line-wrapping-toggle" type="checkbox" autocomplete="off"/>
</label>
</div>Generated by 
<a href="http://www.gradle.org">Gradle 4.0.1</a> at Mar 1, 2021 1:21:38 PM</p>
</div>
</div>
</body>
</html>
